[GIN-VUE-ADMIN]2021/06/04 - 21:09:25.244	[34minfo[0m	register table success
[GIN-VUE-ADMIN]2021/06/04 - 21:09:25.246	[34minfo[0m	use middleware logger
[GIN-VUE-ADMIN]2021/06/04 - 21:09:25.246	[34minfo[0m	use middleware cors
[GIN-VUE-ADMIN]2021/06/04 - 21:09:25.246	[34minfo[0m	register swagger handler
[GIN-VUE-ADMIN]2021/06/04 - 21:09:25.248	[34minfo[0m	router register success
[GIN-VUE-ADMIN]2021/06/04 - 21:09:25.250	[34minfo[0m	server run success on 	{"address": ":8888"}
[GIN-VUE-ADMIN]2021/06/04 - 21:09:38.051	[34minfo[0m	æ•°æ®åº“æ— éœ€åˆå§‹åŒ–
[GIN-VUE-ADMIN]2021/06/04 - 21:09:38.735	[34minfo[0m	æ•°æ®åº“æ— éœ€åˆå§‹åŒ–
[GIN-VUE-ADMIN]2021/06/04 - 21:15:42.588	[34minfo[0m	æ•°æ®åº“æ— éœ€åˆå§‹åŒ–
[GIN-VUE-ADMIN]2021/06/04 - 21:15:42.787	[34minfo[0m	æ•°æ®åº“æ— éœ€åˆå§‹åŒ–
[GIN-VUE-ADMIN]2021/06/04 - 21:15:43.732	[34minfo[0m	æ•°æ®åº“æ— éœ€åˆå§‹åŒ–
[GIN-VUE-ADMIN]2021/06/04 - 21:16:25.407	[34minfo[0m	æ•°æ®åº“æ— éœ€åˆå§‹åŒ–
[GIN-VUE-ADMIN]2021/06/04 - 21:16:33.563	[34minfo[0m	æ•°æ®åº“æ— éœ€åˆå§‹åŒ–
[GIN-VUE-ADMIN]2021/06/04 - 21:16:35.308	[34minfo[0m	æ•°æ®åº“æ— éœ€åˆå§‹åŒ–
[GIN-VUE-ADMIN]2021/06/04 - 21:16:35.792	[34minfo[0m	æ•°æ®åº“æ— éœ€åˆå§‹åŒ–
[GIN-VUE-ADMIN]2021/06/04 - 21:17:22.104	[34minfo[0m	æ•°æ®åº“æ— éœ€åˆå§‹åŒ–
[GIN-VUE-ADMIN]2021/06/04 - 22:11:27.336	[34minfo[0m	register table success
[GIN-VUE-ADMIN]2021/06/04 - 22:11:27.341	[34minfo[0m	use middleware logger
[GIN-VUE-ADMIN]2021/06/04 - 22:11:27.341	[34minfo[0m	use middleware cors
[GIN-VUE-ADMIN]2021/06/04 - 22:11:27.345	[34minfo[0m	register swagger handler
[GIN-VUE-ADMIN]2021/06/04 - 22:11:27.390	[34minfo[0m	router register success
[GIN-VUE-ADMIN]2021/06/04 - 22:11:27.395	[34minfo[0m	server run success on 	{"address": ":8888"}
[GIN-VUE-ADMIN]2021/06/04 - 22:12:15.334	[34minfo[0m	register table success
[GIN-VUE-ADMIN]2021/06/04 - 22:12:15.336	[34minfo[0m	use middleware logger
[GIN-VUE-ADMIN]2021/06/04 - 22:12:15.337	[34minfo[0m	use middleware cors
[GIN-VUE-ADMIN]2021/06/04 - 22:12:15.337	[34minfo[0m	register swagger handler
[GIN-VUE-ADMIN]2021/06/04 - 22:12:15.338	[34minfo[0m	router register success
[GIN-VUE-ADMIN]2021/06/04 - 22:12:15.343	[34minfo[0m	server run success on 	{"address": ":8888"}
[GIN-VUE-ADMIN]2021/06/04 - 22:13:37.479	[34minfo[0m	register table success
[GIN-VUE-ADMIN]2021/06/04 - 22:13:37.482	[34minfo[0m	use middleware logger
[GIN-VUE-ADMIN]2021/06/04 - 22:13:37.482	[34minfo[0m	use middleware cors
[GIN-VUE-ADMIN]2021/06/04 - 22:13:37.482	[34minfo[0m	register swagger handler
[GIN-VUE-ADMIN]2021/06/04 - 22:13:37.483	[34minfo[0m	router register success
[GIN-VUE-ADMIN]2021/06/04 - 22:13:37.495	[34minfo[0m	server run success on 	{"address": ":8888"}
[GIN-VUE-ADMIN]2021/06/04 - 22:14:17.575	[34minfo[0m	register table success
[GIN-VUE-ADMIN]2021/06/04 - 22:14:17.577	[34minfo[0m	use middleware logger
[GIN-VUE-ADMIN]2021/06/04 - 22:14:17.577	[34minfo[0m	use middleware cors
[GIN-VUE-ADMIN]2021/06/04 - 22:14:17.577	[34minfo[0m	register swagger handler
[GIN-VUE-ADMIN]2021/06/04 - 22:14:17.578	[34minfo[0m	router register success
[GIN-VUE-ADMIN]2021/06/04 - 22:14:17.579	[34minfo[0m	server run success on 	{"address": ":8888"}
[GIN-VUE-ADMIN]2021/06/04 - 22:17:08.096	[34minfo[0m	register table success
[GIN-VUE-ADMIN]2021/06/04 - 22:17:08.098	[34minfo[0m	use middleware logger
[GIN-VUE-ADMIN]2021/06/04 - 22:17:08.098	[34minfo[0m	use middleware cors
[GIN-VUE-ADMIN]2021/06/04 - 22:17:08.098	[34minfo[0m	register swagger handler
[GIN-VUE-ADMIN]2021/06/04 - 22:17:08.099	[34minfo[0m	router register success
[GIN-VUE-ADMIN]2021/06/04 - 22:17:08.105	[34minfo[0m	server run success on 	{"address": ":8888"}
[GIN-VUE-ADMIN]2021/06/04 - 22:21:45.983	[34minfo[0m	register table success
[GIN-VUE-ADMIN]2021/06/04 - 22:21:45.985	[34minfo[0m	use middleware logger
[GIN-VUE-ADMIN]2021/06/04 - 22:21:45.986	[34minfo[0m	use middleware cors
[GIN-VUE-ADMIN]2021/06/04 - 22:21:45.986	[34minfo[0m	register swagger handler
[GIN-VUE-ADMIN]2021/06/04 - 22:21:45.987	[34minfo[0m	router register success
[GIN-VUE-ADMIN]2021/06/04 - 22:21:45.996	[34minfo[0m	server run success on 	{"address": ":8888"}
[GIN-VUE-ADMIN]2021/06/04 - 22:22:09.131	[34minfo[0m	register table success
[GIN-VUE-ADMIN]2021/06/04 - 22:22:09.134	[34minfo[0m	use middleware logger
[GIN-VUE-ADMIN]2021/06/04 - 22:22:09.134	[34minfo[0m	use middleware cors
[GIN-VUE-ADMIN]2021/06/04 - 22:22:09.134	[34minfo[0m	register swagger handler
[GIN-VUE-ADMIN]2021/06/04 - 22:22:09.135	[34minfo[0m	router register success
[GIN-VUE-ADMIN]2021/06/04 - 22:22:09.145	[34minfo[0m	server run success on 	{"address": ":8888"}
