[GIN-VUE-ADMIN]2021/05/21 - 09:12:02.757	[34minfo[0m	use middleware logger
[GIN-VUE-ADMIN]2021/05/21 - 09:12:02.764	[34minfo[0m	use middleware cors
[GIN-VUE-ADMIN]2021/05/21 - 09:12:02.765	[34minfo[0m	register swagger handler
[GIN-VUE-ADMIN]2021/05/21 - 09:12:02.767	[34minfo[0m	router register success
[GIN-VUE-ADMIN]2021/05/21 - 09:12:02.771	[34minfo[0m	server run success on 	{"address": ":8888"}
[GIN-VUE-ADMIN]2021/05/21 - 09:13:08.973	[34minfo[0m	前往初始化数据库
[GIN-VUE-ADMIN]2021/05/21 - 09:13:51.482	[34minfo[0m	前往初始化数据库
[GIN-VUE-ADMIN]2021/05/21 - 09:18:08.126	[34minfo[0m	前往初始化数据库
[GIN-VUE-ADMIN]2021/05/21 - 09:18:33.572	[34minfo[0m	前往初始化数据库
[GIN-VUE-ADMIN]2021/05/21 - 09:19:09.663	[34minfo[0m	前往初始化数据库
[GIN-VUE-ADMIN]2021/05/21 - 09:19:42.067	[34minfo[0m	register table success
[GIN-VUE-ADMIN]2021/05/21 - 09:19:42.069	[34minfo[0m	use middleware logger
[GIN-VUE-ADMIN]2021/05/21 - 09:19:42.069	[34minfo[0m	use middleware cors
[GIN-VUE-ADMIN]2021/05/21 - 09:19:42.070	[34minfo[0m	register swagger handler
[GIN-VUE-ADMIN]2021/05/21 - 09:19:42.071	[34minfo[0m	router register success
[GIN-VUE-ADMIN]2021/05/21 - 09:19:42.087	[34minfo[0m	server run success on 	{"address": ":8888"}
[GIN-VUE-ADMIN]2021/05/21 - 09:20:25.925	[34minfo[0m	数据库无需初始化
[GIN-VUE-ADMIN]2021/05/21 - 09:22:10.067	[34minfo[0m	数据库无需初始化
[GIN-VUE-ADMIN]2021/05/21 - 09:22:29.599	[34minfo[0m	数据库无需初始化
[GIN-VUE-ADMIN]2021/05/21 - 09:26:35.922	[34minfo[0m	数据库无需初始化
[GIN-VUE-ADMIN]2021/05/21 - 09:38:31.876	[34minfo[0m	数据库无需初始化
[GIN-VUE-ADMIN]2021/05/21 - 09:41:56.803	[34minfo[0m	数据库无需初始化
[GIN-VUE-ADMIN]2021/05/21 - 09:49:13.835	[34minfo[0m	数据库无需初始化
[GIN-VUE-ADMIN]2021/05/21 - 09:52:53.817	[34minfo[0m	数据库无需初始化
[GIN-VUE-ADMIN]2021/05/21 - 09:54:06.046	[34minfo[0m	数据库无需初始化
[GIN-VUE-ADMIN]2021/05/21 - 09:54:11.116	[34minfo[0m	数据库无需初始化
[GIN-VUE-ADMIN]2021/05/21 - 09:56:43.318	[34minfo[0m	数据库无需初始化
[GIN-VUE-ADMIN]2021/05/21 - 10:01:32.660	[34minfo[0m	数据库无需初始化
[GIN-VUE-ADMIN]2021/05/21 - 10:01:33.511	[34minfo[0m	数据库无需初始化
[GIN-VUE-ADMIN]2021/05/21 - 10:01:55.336	[34minfo[0m	数据库无需初始化
[GIN-VUE-ADMIN]2021/05/21 - 10:02:04.587	[34minfo[0m	数据库无需初始化
[GIN-VUE-ADMIN]2021/05/21 - 10:02:17.158	[34minfo[0m	数据库无需初始化
[GIN-VUE-ADMIN]2021/05/21 - 10:02:21.440	[34minfo[0m	数据库无需初始化
[GIN-VUE-ADMIN]2021/05/21 - 10:02:27.737	[34minfo[0m	数据库无需初始化
[GIN-VUE-ADMIN]2021/05/21 - 10:02:35.253	[34minfo[0m	数据库无需初始化
[GIN-VUE-ADMIN]2021/05/21 - 10:05:42.422	[34minfo[0m	数据库无需初始化
[GIN-VUE-ADMIN]2021/05/21 - 10:07:18.429	[34minfo[0m	数据库无需初始化
[GIN-VUE-ADMIN]2021/05/21 - 10:08:37.867	[34minfo[0m	数据库无需初始化
[GIN-VUE-ADMIN]2021/05/21 - 10:30:45.807	[34minfo[0m	数据库无需初始化
[GIN-VUE-ADMIN]2021/05/21 - 10:33:55.342	[34minfo[0m	数据库无需初始化
[GIN-VUE-ADMIN]2021/05/21 - 10:35:29.333	[34minfo[0m	数据库无需初始化
[GIN-VUE-ADMIN]2021/05/21 - 10:36:08.878	[34minfo[0m	数据库无需初始化
[GIN-VUE-ADMIN]2021/05/21 - 10:46:01.096	[34minfo[0m	数据库无需初始化
[GIN-VUE-ADMIN]2021/05/21 - 10:48:17.587	[34minfo[0m	数据库无需初始化
[GIN-VUE-ADMIN]2021/05/21 - 10:49:04.539	[34minfo[0m	数据库无需初始化
[GIN-VUE-ADMIN]2021/05/21 - 10:55:44.938	[34minfo[0m	数据库无需初始化
[GIN-VUE-ADMIN]2021/05/21 - 10:56:06.621	[34minfo[0m	数据库无需初始化
[GIN-VUE-ADMIN]2021/05/21 - 11:00:51.156	[34minfo[0m	数据库无需初始化
[GIN-VUE-ADMIN]2021/05/21 - 11:01:36.525	[34minfo[0m	数据库无需初始化
[GIN-VUE-ADMIN]2021/05/21 - 11:01:41.475	[34minfo[0m	数据库无需初始化
[GIN-VUE-ADMIN]2021/05/21 - 11:01:42.491	[34minfo[0m	数据库无需初始化
[GIN-VUE-ADMIN]2021/05/21 - 11:01:45.382	[34minfo[0m	数据库无需初始化
[GIN-VUE-ADMIN]2021/05/21 - 11:01:51.315	[34minfo[0m	数据库无需初始化
[GIN-VUE-ADMIN]2021/05/21 - 11:01:54.212	[34minfo[0m	数据库无需初始化
[GIN-VUE-ADMIN]2021/05/21 - 11:01:55.317	[34minfo[0m	数据库无需初始化
[GIN-VUE-ADMIN]2021/05/21 - 11:01:56.097	[34minfo[0m	数据库无需初始化
[GIN-VUE-ADMIN]2021/05/21 - 11:01:56.824	[34minfo[0m	数据库无需初始化
[GIN-VUE-ADMIN]2021/05/21 - 11:01:57.552	[34minfo[0m	数据库无需初始化
[GIN-VUE-ADMIN]2021/05/21 - 11:01:58.259	[34minfo[0m	数据库无需初始化
[GIN-VUE-ADMIN]2021/05/21 - 11:01:59.056	[34minfo[0m	数据库无需初始化
[GIN-VUE-ADMIN]2021/05/21 - 11:01:59.940	[34minfo[0m	数据库无需初始化
[GIN-VUE-ADMIN]2021/05/21 - 11:02:00.578	[34minfo[0m	数据库无需初始化
[GIN-VUE-ADMIN]2021/05/21 - 11:02:01.217	[34minfo[0m	数据库无需初始化
[GIN-VUE-ADMIN]2021/05/21 - 11:02:01.878	[34minfo[0m	数据库无需初始化
[GIN-VUE-ADMIN]2021/05/21 - 11:02:02.572	[34minfo[0m	数据库无需初始化
[GIN-VUE-ADMIN]2021/05/21 - 11:02:03.285	[34minfo[0m	数据库无需初始化
[GIN-VUE-ADMIN]2021/05/21 - 11:02:04.092	[34minfo[0m	数据库无需初始化
[GIN-VUE-ADMIN]2021/05/21 - 11:02:04.771	[34minfo[0m	数据库无需初始化
[GIN-VUE-ADMIN]2021/05/21 - 11:02:23.791	[34minfo[0m	数据库无需初始化
[GIN-VUE-ADMIN]2021/05/21 - 11:02:56.812	[34minfo[0m	数据库无需初始化
[GIN-VUE-ADMIN]2021/05/21 - 11:03:39.914	[34minfo[0m	数据库无需初始化
[GIN-VUE-ADMIN]2021/05/21 - 11:03:41.196	[34minfo[0m	数据库无需初始化
[GIN-VUE-ADMIN]2021/05/21 - 11:04:16.348	[34minfo[0m	数据库无需初始化
[GIN-VUE-ADMIN]2021/05/21 - 11:04:24.761	[34minfo[0m	数据库无需初始化
[GIN-VUE-ADMIN]2021/05/21 - 11:04:40.579	[34minfo[0m	数据库无需初始化
[GIN-VUE-ADMIN]2021/05/21 - 11:04:46.983	[34minfo[0m	数据库无需初始化
[GIN-VUE-ADMIN]2021/05/21 - 11:04:47.926	[34minfo[0m	数据库无需初始化
[GIN-VUE-ADMIN]2021/05/21 - 11:04:48.917	[34minfo[0m	数据库无需初始化
[GIN-VUE-ADMIN]2021/05/21 - 11:04:49.726	[34minfo[0m	数据库无需初始化
[GIN-VUE-ADMIN]2021/05/21 - 11:04:50.796	[34minfo[0m	数据库无需初始化
[GIN-VUE-ADMIN]2021/05/21 - 11:04:51.713	[34minfo[0m	数据库无需初始化
[GIN-VUE-ADMIN]2021/05/21 - 11:04:52.391	[34minfo[0m	数据库无需初始化
[GIN-VUE-ADMIN]2021/05/21 - 11:09:38.984	[34minfo[0m	数据库无需初始化
[GIN-VUE-ADMIN]2021/05/21 - 11:10:03.800	[34minfo[0m	数据库无需初始化
[GIN-VUE-ADMIN]2021/05/21 - 11:10:27.314	[34minfo[0m	数据库无需初始化
[GIN-VUE-ADMIN]2021/05/21 - 17:26:53.659	[34minfo[0m	数据库无需初始化
