[GIN-VUE-ADMIN]2021/06/07 - 10:16:03.203	[34minfo[0m	register table success
[GIN-VUE-ADMIN]2021/06/07 - 10:16:03.211	[34minfo[0m	use middleware logger
[GIN-VUE-ADMIN]2021/06/07 - 10:16:03.212	[34minfo[0m	use middleware cors
[GIN-VUE-ADMIN]2021/06/07 - 10:16:03.213	[34minfo[0m	register swagger handler
[GIN-VUE-ADMIN]2021/06/07 - 10:16:03.217	[34minfo[0m	router register success
[GIN-VUE-ADMIN]2021/06/07 - 10:16:03.231	[34minfo[0m	server run success on 	{"address": ":8888"}
[GIN-VUE-ADMIN]2021/06/07 - 10:18:52.914	[31merror[0m	register table failed	{"err": "invalid field found for struct gin-vue-admin/model.Question's field Question_options, need to define a foreign key for relations or it need to implement the Valuer/Scanner interface"}
[GIN-VUE-ADMIN]2021/06/07 - 10:19:42.266	[34minfo[0m	register table success
[GIN-VUE-ADMIN]2021/06/07 - 10:19:42.268	[34minfo[0m	use middleware logger
[GIN-VUE-ADMIN]2021/06/07 - 10:19:42.268	[34minfo[0m	use middleware cors
[GIN-VUE-ADMIN]2021/06/07 - 10:19:42.269	[34minfo[0m	register swagger handler
[GIN-VUE-ADMIN]2021/06/07 - 10:19:42.270	[34minfo[0m	router register success
[GIN-VUE-ADMIN]2021/06/07 - 10:19:42.270	[34minfo[0m	server run success on 	{"address": ":8888"}
[GIN-VUE-ADMIN]2021/06/07 - 10:21:10.148	[31merror[0m	register table failed	{"err": "invalid field found for struct gin-vue-admin/model.Question's field Question_options_test, need to define a foreign key for relations or it need to implement the Valuer/Scanner interface"}
[GIN-VUE-ADMIN]2021/06/07 - 10:21:41.022	[34minfo[0m	register table success
[GIN-VUE-ADMIN]2021/06/07 - 10:21:41.025	[34minfo[0m	use middleware logger
[GIN-VUE-ADMIN]2021/06/07 - 10:21:41.025	[34minfo[0m	use middleware cors
[GIN-VUE-ADMIN]2021/06/07 - 10:21:41.025	[34minfo[0m	register swagger handler
[GIN-VUE-ADMIN]2021/06/07 - 10:21:41.026	[34minfo[0m	router register success
[GIN-VUE-ADMIN]2021/06/07 - 10:21:41.027	[34minfo[0m	server run success on 	{"address": ":8888"}
[GIN-VUE-ADMIN]2021/06/07 - 10:28:44.372	[34minfo[0m	register table success
[GIN-VUE-ADMIN]2021/06/07 - 10:28:44.376	[34minfo[0m	use middleware logger
[GIN-VUE-ADMIN]2021/06/07 - 10:28:44.376	[34minfo[0m	use middleware cors
[GIN-VUE-ADMIN]2021/06/07 - 10:28:44.377	[34minfo[0m	register swagger handler
[GIN-VUE-ADMIN]2021/06/07 - 10:28:44.379	[34minfo[0m	router register success
[GIN-VUE-ADMIN]2021/06/07 - 10:28:44.395	[34minfo[0m	server run success on 	{"address": ":8888"}
[GIN-VUE-ADMIN]2021/06/07 - 10:28:56.846	[31merror[0m	error	{"err": "Question_options: unsupported relations"}
[GIN-VUE-ADMIN]2021/06/07 - 10:29:23.442	[34minfo[0m	register table success
[GIN-VUE-ADMIN]2021/06/07 - 10:29:23.445	[34minfo[0m	use middleware logger
[GIN-VUE-ADMIN]2021/06/07 - 10:29:23.445	[34minfo[0m	use middleware cors
[GIN-VUE-ADMIN]2021/06/07 - 10:29:23.445	[34minfo[0m	register swagger handler
[GIN-VUE-ADMIN]2021/06/07 - 10:29:23.447	[34minfo[0m	router register success
[GIN-VUE-ADMIN]2021/06/07 - 10:29:23.448	[34minfo[0m	server run success on 	{"address": ":8888"}
[GIN-VUE-ADMIN]2021/06/07 - 10:29:23.896	[31merror[0m	error	{"err": "Question_options: unsupported relations"}
[GIN-VUE-ADMIN]2021/06/07 - 10:29:25.303	[31merror[0m	error	{"err": "Question_options: unsupported relations"}
[GIN-VUE-ADMIN]2021/06/07 - 10:30:57.278	[34minfo[0m	register table success
[GIN-VUE-ADMIN]2021/06/07 - 10:30:57.284	[34minfo[0m	use middleware logger
[GIN-VUE-ADMIN]2021/06/07 - 10:30:57.284	[34minfo[0m	use middleware cors
[GIN-VUE-ADMIN]2021/06/07 - 10:30:57.284	[34minfo[0m	register swagger handler
[GIN-VUE-ADMIN]2021/06/07 - 10:30:57.286	[34minfo[0m	router register success
[GIN-VUE-ADMIN]2021/06/07 - 10:30:57.287	[34minfo[0m	server run success on 	{"address": ":8888"}
[GIN-VUE-ADMIN]2021/06/07 - 10:31:01.317	[31merror[0m	error	{"err": "Question_options: unsupported relations; Question_options.question_id: unsupported relations; Question_options.question_id: unsupported relations"}
[GIN-VUE-ADMIN]2021/06/07 - 10:31:02.889	[31merror[0m	error	{"err": "Question_options: unsupported relations; Question_options.question_id: unsupported relations; Question_options.question_id: unsupported relations"}
[GIN-VUE-ADMIN]2021/06/07 - 10:33:19.247	[34minfo[0m	register table success
[GIN-VUE-ADMIN]2021/06/07 - 10:33:19.249	[34minfo[0m	use middleware logger
[GIN-VUE-ADMIN]2021/06/07 - 10:33:19.249	[34minfo[0m	use middleware cors
[GIN-VUE-ADMIN]2021/06/07 - 10:33:19.249	[34minfo[0m	register swagger handler
[GIN-VUE-ADMIN]2021/06/07 - 10:33:19.250	[34minfo[0m	router register success
[GIN-VUE-ADMIN]2021/06/07 - 10:33:19.255	[34minfo[0m	server run success on 	{"address": ":8888"}
[GIN-VUE-ADMIN]2021/06/07 - 10:33:31.215	[34minfo[0m	register table success
[GIN-VUE-ADMIN]2021/06/07 - 10:33:31.218	[34minfo[0m	use middleware logger
[GIN-VUE-ADMIN]2021/06/07 - 10:33:31.218	[34minfo[0m	use middleware cors
[GIN-VUE-ADMIN]2021/06/07 - 10:33:31.218	[34minfo[0m	register swagger handler
[GIN-VUE-ADMIN]2021/06/07 - 10:33:31.219	[34minfo[0m	router register success
[GIN-VUE-ADMIN]2021/06/07 - 10:33:31.232	[34minfo[0m	server run success on 	{"address": ":8888"}
[GIN-VUE-ADMIN]2021/06/07 - 10:33:34.596	[31merror[0m	error!	{"err": "Error 1054: Unknown column 'paper_title' in 'field list'"}
[GIN-VUE-ADMIN]2021/06/07 - 10:34:16.518	[34minfo[0m	register table success
[GIN-VUE-ADMIN]2021/06/07 - 10:34:16.522	[34minfo[0m	use middleware logger
[GIN-VUE-ADMIN]2021/06/07 - 10:34:16.522	[34minfo[0m	use middleware cors
[GIN-VUE-ADMIN]2021/06/07 - 10:34:16.522	[34minfo[0m	register swagger handler
[GIN-VUE-ADMIN]2021/06/07 - 10:34:16.523	[34minfo[0m	router register success
[GIN-VUE-ADMIN]2021/06/07 - 10:34:16.537	[34minfo[0m	server run success on 	{"address": ":8888"}
[GIN-VUE-ADMIN]2021/06/07 - 10:34:16.904	[31merror[0m	error	{"err": "Question_options: unsupported relations"}
[GIN-VUE-ADMIN]2021/06/07 - 10:34:17.831	[31merror[0m	error	{"err": "Question_options: unsupported relations"}
[GIN-VUE-ADMIN]2021/06/07 - 10:34:18.853	[31merror[0m	error	{"err": "Question_options: unsupported relations"}
[GIN-VUE-ADMIN]2021/06/07 - 10:34:19.725	[31merror[0m	error	{"err": "Question_options: unsupported relations"}
[GIN-VUE-ADMIN]2021/06/07 - 10:34:20.224	[31merror[0m	error	{"err": "Question_options: unsupported relations"}
[GIN-VUE-ADMIN]2021/06/07 - 10:34:21.473	[31merror[0m	error	{"err": "Question_options: unsupported relations"}
[GIN-VUE-ADMIN]2021/06/07 - 10:34:35.684	[34minfo[0m	register table success
[GIN-VUE-ADMIN]2021/06/07 - 10:34:35.690	[34minfo[0m	use middleware logger
[GIN-VUE-ADMIN]2021/06/07 - 10:34:35.691	[34minfo[0m	use middleware cors
[GIN-VUE-ADMIN]2021/06/07 - 10:34:35.691	[34minfo[0m	register swagger handler
[GIN-VUE-ADMIN]2021/06/07 - 10:34:35.695	[34minfo[0m	router register success
[GIN-VUE-ADMIN]2021/06/07 - 10:34:35.711	[34minfo[0m	server run success on 	{"address": ":8888"}
[GIN-VUE-ADMIN]2021/06/07 - 10:36:15.294	[34minfo[0m	register table success
[GIN-VUE-ADMIN]2021/06/07 - 10:36:15.297	[34minfo[0m	use middleware logger
[GIN-VUE-ADMIN]2021/06/07 - 10:36:15.297	[34minfo[0m	use middleware cors
[GIN-VUE-ADMIN]2021/06/07 - 10:36:15.298	[34minfo[0m	register swagger handler
[GIN-VUE-ADMIN]2021/06/07 - 10:36:15.300	[34minfo[0m	router register success
[GIN-VUE-ADMIN]2021/06/07 - 10:36:15.302	[34minfo[0m	server run success on 	{"address": ":8888"}
[GIN-VUE-ADMIN]2021/06/07 - 10:36:19.145	[31merror[0m	error	{"err": "Error 1054: Unknown column 'exam_paper.id' in 'field list'"}
[GIN-VUE-ADMIN]2021/06/07 - 10:36:20.465	[31merror[0m	error	{"err": "Error 1054: Unknown column 'exam_paper.id' in 'field list'"}
[GIN-VUE-ADMIN]2021/06/07 - 10:36:23.764	[31merror[0m	error	{"err": "Error 1054: Unknown column 'exam_paper.id' in 'field list'"}
[GIN-VUE-ADMIN]2021/06/07 - 10:36:41.572	[31merror[0m	error	{"err": "Error 1054: Unknown column 'exam_paper.id' in 'field list'"}
[GIN-VUE-ADMIN]2021/06/07 - 10:36:49.189	[34minfo[0m	register table success
[GIN-VUE-ADMIN]2021/06/07 - 10:36:49.191	[34minfo[0m	use middleware logger
[GIN-VUE-ADMIN]2021/06/07 - 10:36:49.191	[34minfo[0m	use middleware cors
[GIN-VUE-ADMIN]2021/06/07 - 10:36:49.192	[34minfo[0m	register swagger handler
[GIN-VUE-ADMIN]2021/06/07 - 10:36:49.193	[34minfo[0m	router register success
[GIN-VUE-ADMIN]2021/06/07 - 10:36:49.197	[34minfo[0m	server run success on 	{"address": ":8888"}
[GIN-VUE-ADMIN]2021/06/07 - 10:41:08.659	[34minfo[0m	register table success
[GIN-VUE-ADMIN]2021/06/07 - 10:41:08.661	[34minfo[0m	use middleware logger
[GIN-VUE-ADMIN]2021/06/07 - 10:41:08.661	[34minfo[0m	use middleware cors
[GIN-VUE-ADMIN]2021/06/07 - 10:41:08.662	[34minfo[0m	register swagger handler
[GIN-VUE-ADMIN]2021/06/07 - 10:41:08.664	[34minfo[0m	router register success
[GIN-VUE-ADMIN]2021/06/07 - 10:41:08.666	[34minfo[0m	server run success on 	{"address": ":8888"}
[GIN-VUE-ADMIN]2021/06/07 - 10:43:30.510	[34minfo[0m	register table success
[GIN-VUE-ADMIN]2021/06/07 - 10:43:30.514	[34minfo[0m	use middleware logger
[GIN-VUE-ADMIN]2021/06/07 - 10:43:30.514	[34minfo[0m	use middleware cors
[GIN-VUE-ADMIN]2021/06/07 - 10:43:30.514	[34minfo[0m	register swagger handler
[GIN-VUE-ADMIN]2021/06/07 - 10:43:30.516	[34minfo[0m	router register success
[GIN-VUE-ADMIN]2021/06/07 - 10:43:30.517	[34minfo[0m	server run success on 	{"address": ":8888"}
[GIN-VUE-ADMIN]2021/06/07 - 10:43:30.961	[31merror[0m	error	{"err": "Question_options: unsupported relations"}
[GIN-VUE-ADMIN]2021/06/07 - 10:43:34.398	[31merror[0m	error	{"err": "Question_options: unsupported relations"}
[GIN-VUE-ADMIN]2021/06/07 - 10:44:16.902	[34minfo[0m	register table success
[GIN-VUE-ADMIN]2021/06/07 - 10:44:16.904	[34minfo[0m	use middleware logger
[GIN-VUE-ADMIN]2021/06/07 - 10:44:16.904	[34minfo[0m	use middleware cors
[GIN-VUE-ADMIN]2021/06/07 - 10:44:16.905	[34minfo[0m	register swagger handler
[GIN-VUE-ADMIN]2021/06/07 - 10:44:16.906	[34minfo[0m	router register success
[GIN-VUE-ADMIN]2021/06/07 - 10:44:16.916	[34minfo[0m	server run success on 	{"address": ":8888"}
[GIN-VUE-ADMIN]2021/06/07 - 10:44:17.070	[31merror[0m	error	{"err": "Question_id: unsupported relations"}
[GIN-VUE-ADMIN]2021/06/07 - 10:44:18.299	[31merror[0m	error	{"err": "Question_id: unsupported relations"}
[GIN-VUE-ADMIN]2021/06/07 - 10:44:19.996	[31merror[0m	error	{"err": "Question_id: unsupported relations"}
[GIN-VUE-ADMIN]2021/06/07 - 10:44:22.429	[31merror[0m	error	{"err": "Question_id: unsupported relations"}
[GIN-VUE-ADMIN]2021/06/07 - 10:44:33.316	[34minfo[0m	register table success
[GIN-VUE-ADMIN]2021/06/07 - 10:44:33.318	[34minfo[0m	use middleware logger
[GIN-VUE-ADMIN]2021/06/07 - 10:44:33.318	[34minfo[0m	use middleware cors
[GIN-VUE-ADMIN]2021/06/07 - 10:44:33.318	[34minfo[0m	register swagger handler
[GIN-VUE-ADMIN]2021/06/07 - 10:44:33.319	[34minfo[0m	router register success
[GIN-VUE-ADMIN]2021/06/07 - 10:44:33.320	[34minfo[0m	server run success on 	{"address": ":8888"}
[GIN-VUE-ADMIN]2021/06/07 - 10:45:28.215	[34minfo[0m	register table success
[GIN-VUE-ADMIN]2021/06/07 - 10:45:28.219	[34minfo[0m	use middleware logger
[GIN-VUE-ADMIN]2021/06/07 - 10:45:28.219	[34minfo[0m	use middleware cors
[GIN-VUE-ADMIN]2021/06/07 - 10:45:28.220	[34minfo[0m	register swagger handler
[GIN-VUE-ADMIN]2021/06/07 - 10:45:28.222	[34minfo[0m	router register success
[GIN-VUE-ADMIN]2021/06/07 - 10:45:28.222	[34minfo[0m	server run success on 	{"address": ":8888"}
[GIN-VUE-ADMIN]2021/06/07 - 10:45:48.985	[34minfo[0m	register table success
[GIN-VUE-ADMIN]2021/06/07 - 10:45:48.988	[34minfo[0m	use middleware logger
[GIN-VUE-ADMIN]2021/06/07 - 10:45:48.988	[34minfo[0m	use middleware cors
[GIN-VUE-ADMIN]2021/06/07 - 10:45:48.988	[34minfo[0m	register swagger handler
[GIN-VUE-ADMIN]2021/06/07 - 10:45:48.990	[34minfo[0m	router register success
[GIN-VUE-ADMIN]2021/06/07 - 10:45:49.002	[34minfo[0m	server run success on 	{"address": ":8888"}
[GIN-VUE-ADMIN]2021/06/07 - 10:45:51.858	[31merror[0m	error	{"err": "Question_options: unsupported relations"}
[GIN-VUE-ADMIN]2021/06/07 - 10:51:02.759	[31merror[0m	error	{"err": "Question_options: unsupported relations"}
[GIN-VUE-ADMIN]2021/06/07 - 10:52:21.185	[34minfo[0m	register table success
[GIN-VUE-ADMIN]2021/06/07 - 10:52:21.187	[34minfo[0m	use middleware logger
[GIN-VUE-ADMIN]2021/06/07 - 10:52:21.187	[34minfo[0m	use middleware cors
[GIN-VUE-ADMIN]2021/06/07 - 10:52:21.187	[34minfo[0m	register swagger handler
[GIN-VUE-ADMIN]2021/06/07 - 10:52:21.189	[34minfo[0m	router register success
[GIN-VUE-ADMIN]2021/06/07 - 10:52:21.192	[34minfo[0m	server run success on 	{"address": ":8888"}
[GIN-VUE-ADMIN]2021/06/07 - 11:00:02.519	[31merror[0m	register table failed	{"err": "invalid field found for struct gin-vue-admin/model.Exam_paper's field Question, need to define a foreign key for relations or it need to implement the Valuer/Scanner interface"}
[GIN-VUE-ADMIN]2021/06/07 - 11:00:18.616	[34minfo[0m	register table success
[GIN-VUE-ADMIN]2021/06/07 - 11:00:18.618	[34minfo[0m	use middleware logger
[GIN-VUE-ADMIN]2021/06/07 - 11:00:18.618	[34minfo[0m	use middleware cors
[GIN-VUE-ADMIN]2021/06/07 - 11:00:18.618	[34minfo[0m	register swagger handler
[GIN-VUE-ADMIN]2021/06/07 - 11:00:18.619	[34minfo[0m	router register success
[GIN-VUE-ADMIN]2021/06/07 - 11:00:18.623	[34minfo[0m	server run success on 	{"address": ":8888"}
[GIN-VUE-ADMIN]2021/06/07 - 11:00:54.192	[31merror[0m	register table failed	{"err": "invalid field found for struct gin-vue-admin/model.Question's field Question_options, need to define a foreign key for relations or it need to implement the Valuer/Scanner interface"}
[GIN-VUE-ADMIN]2021/06/07 - 11:01:14.087	[34minfo[0m	register table success
[GIN-VUE-ADMIN]2021/06/07 - 11:01:14.091	[34minfo[0m	use middleware logger
[GIN-VUE-ADMIN]2021/06/07 - 11:01:14.091	[34minfo[0m	use middleware cors
[GIN-VUE-ADMIN]2021/06/07 - 11:01:14.091	[34minfo[0m	register swagger handler
[GIN-VUE-ADMIN]2021/06/07 - 11:01:14.094	[34minfo[0m	router register success
[GIN-VUE-ADMIN]2021/06/07 - 11:01:14.098	[34minfo[0m	server run success on 	{"address": ":8888"}
[GIN-VUE-ADMIN]2021/06/07 - 11:03:30.651	[34minfo[0m	register table success
[GIN-VUE-ADMIN]2021/06/07 - 11:03:30.654	[34minfo[0m	use middleware logger
[GIN-VUE-ADMIN]2021/06/07 - 11:03:30.654	[34minfo[0m	use middleware cors
[GIN-VUE-ADMIN]2021/06/07 - 11:03:30.654	[34minfo[0m	register swagger handler
[GIN-VUE-ADMIN]2021/06/07 - 11:03:30.656	[34minfo[0m	router register success
[GIN-VUE-ADMIN]2021/06/07 - 11:03:30.671	[34minfo[0m	server run success on 	{"address": ":8888"}
[GIN-VUE-ADMIN]2021/06/07 - 11:06:11.121	[31merror[0m	register table failed	{"err": "invalid field found for struct gin-vue-admin/model.Question's field Question_options, need to define a foreign key for relations or it need to implement the Valuer/Scanner interface"}
[GIN-VUE-ADMIN]2021/06/07 - 11:06:37.817	[34minfo[0m	register table success
[GIN-VUE-ADMIN]2021/06/07 - 11:06:37.819	[34minfo[0m	use middleware logger
[GIN-VUE-ADMIN]2021/06/07 - 11:06:37.819	[34minfo[0m	use middleware cors
[GIN-VUE-ADMIN]2021/06/07 - 11:06:37.820	[34minfo[0m	register swagger handler
[GIN-VUE-ADMIN]2021/06/07 - 11:06:37.821	[34minfo[0m	router register success
[GIN-VUE-ADMIN]2021/06/07 - 11:06:37.830	[34minfo[0m	server run success on 	{"address": ":8888"}
[GIN-VUE-ADMIN]2021/06/07 - 11:12:25.812	[34minfo[0m	register table success
[GIN-VUE-ADMIN]2021/06/07 - 11:12:25.814	[34minfo[0m	use middleware logger
[GIN-VUE-ADMIN]2021/06/07 - 11:12:25.814	[34minfo[0m	use middleware cors
[GIN-VUE-ADMIN]2021/06/07 - 11:12:25.815	[34minfo[0m	register swagger handler
[GIN-VUE-ADMIN]2021/06/07 - 11:12:25.817	[34minfo[0m	router register success
[GIN-VUE-ADMIN]2021/06/07 - 11:12:25.827	[34minfo[0m	server run success on 	{"address": ":8888"}
[GIN-VUE-ADMIN]2021/06/07 - 11:43:36.871	[34minfo[0m	register table success
[GIN-VUE-ADMIN]2021/06/07 - 11:43:36.874	[34minfo[0m	use middleware logger
[GIN-VUE-ADMIN]2021/06/07 - 11:43:36.874	[34minfo[0m	use middleware cors
[GIN-VUE-ADMIN]2021/06/07 - 11:43:36.875	[34minfo[0m	register swagger handler
[GIN-VUE-ADMIN]2021/06/07 - 11:43:36.876	[34minfo[0m	router register success
[GIN-VUE-ADMIN]2021/06/07 - 11:43:36.876	[34minfo[0m	server run success on 	{"address": ":8888"}
[GIN-VUE-ADMIN]2021/06/07 - 11:45:47.050	[34minfo[0m	æ•°æ®åº“æ— éœ€åˆå§‹åŒ–
[GIN-VUE-ADMIN]2021/06/07 - 13:34:39.270	[34minfo[0m	register table success
[GIN-VUE-ADMIN]2021/06/07 - 13:34:39.274	[34minfo[0m	use middleware logger
[GIN-VUE-ADMIN]2021/06/07 - 13:34:39.274	[34minfo[0m	use middleware cors
[GIN-VUE-ADMIN]2021/06/07 - 13:34:39.274	[34minfo[0m	register swagger handler
[GIN-VUE-ADMIN]2021/06/07 - 13:34:39.276	[34minfo[0m	router register success
[GIN-VUE-ADMIN]2021/06/07 - 13:34:39.288	[34minfo[0m	server run success on 	{"address": ":8888"}
[GIN-VUE-ADMIN]2021/06/07 - 14:08:58.057	[34minfo[0m	register table success
[GIN-VUE-ADMIN]2021/06/07 - 14:08:58.061	[34minfo[0m	use middleware logger
[GIN-VUE-ADMIN]2021/06/07 - 14:08:58.061	[34minfo[0m	use middleware cors
[GIN-VUE-ADMIN]2021/06/07 - 14:08:58.062	[34minfo[0m	register swagger handler
[GIN-VUE-ADMIN]2021/06/07 - 14:08:58.063	[34minfo[0m	router register success
[GIN-VUE-ADMIN]2021/06/07 - 14:08:58.064	[34minfo[0m	server run success on 	{"address": ":8888"}
[GIN-VUE-ADMIN]2021/06/07 - 14:32:12.589	[34minfo[0m	register table success
[GIN-VUE-ADMIN]2021/06/07 - 14:32:12.591	[34minfo[0m	use middleware logger
[GIN-VUE-ADMIN]2021/06/07 - 14:32:12.591	[34minfo[0m	use middleware cors
[GIN-VUE-ADMIN]2021/06/07 - 14:32:12.591	[34minfo[0m	register swagger handler
[GIN-VUE-ADMIN]2021/06/07 - 14:32:12.593	[34minfo[0m	router register success
[GIN-VUE-ADMIN]2021/06/07 - 14:32:12.599	[34minfo[0m	server run success on 	{"address": ":8888"}
[GIN-VUE-ADMIN]2021/06/07 - 14:38:07.528	[34minfo[0m	æ•°æ®åº“æ— éœ€åˆå§‹åŒ–
[GIN-VUE-ADMIN]2021/06/07 - 14:38:16.981	[34minfo[0m	æ•°æ®åº“æ— éœ€åˆå§‹åŒ–
[GIN-VUE-ADMIN]2021/06/07 - 14:40:38.259	[34minfo[0m	register table success
[GIN-VUE-ADMIN]2021/06/07 - 14:40:38.262	[34minfo[0m	use middleware logger
[GIN-VUE-ADMIN]2021/06/07 - 14:40:38.262	[34minfo[0m	use middleware cors
[GIN-VUE-ADMIN]2021/06/07 - 14:40:38.262	[34minfo[0m	register swagger handler
[GIN-VUE-ADMIN]2021/06/07 - 14:40:38.263	[34minfo[0m	router register success
[GIN-VUE-ADMIN]2021/06/07 - 14:40:38.270	[34minfo[0m	server run success on 	{"address": ":8888"}
[GIN-VUE-ADMIN]2021/06/07 - 14:45:57.125	[34minfo[0m	register table success
[GIN-VUE-ADMIN]2021/06/07 - 14:45:57.129	[34minfo[0m	use middleware logger
[GIN-VUE-ADMIN]2021/06/07 - 14:45:57.129	[34minfo[0m	use middleware cors
[GIN-VUE-ADMIN]2021/06/07 - 14:45:57.130	[34minfo[0m	register swagger handler
[GIN-VUE-ADMIN]2021/06/07 - 14:45:57.133	[34minfo[0m	router register success
[GIN-VUE-ADMIN]2021/06/07 - 14:45:57.143	[34minfo[0m	server run success on 	{"address": ":8888"}
[GIN-VUE-ADMIN]2021/06/07 - 14:48:00.162	[34minfo[0m	register table success
[GIN-VUE-ADMIN]2021/06/07 - 14:48:00.165	[34minfo[0m	use middleware logger
[GIN-VUE-ADMIN]2021/06/07 - 14:48:00.165	[34minfo[0m	use middleware cors
[GIN-VUE-ADMIN]2021/06/07 - 14:48:00.165	[34minfo[0m	register swagger handler
[GIN-VUE-ADMIN]2021/06/07 - 14:48:00.166	[34minfo[0m	router register success
[GIN-VUE-ADMIN]2021/06/07 - 14:48:00.182	[34minfo[0m	server run success on 	{"address": ":8888"}
[GIN-VUE-ADMIN]2021/06/07 - 14:56:13.879	[34minfo[0m	register table success
[GIN-VUE-ADMIN]2021/06/07 - 14:56:13.882	[34minfo[0m	use middleware logger
[GIN-VUE-ADMIN]2021/06/07 - 14:56:13.882	[34minfo[0m	use middleware cors
[GIN-VUE-ADMIN]2021/06/07 - 14:56:13.882	[34minfo[0m	register swagger handler
[GIN-VUE-ADMIN]2021/06/07 - 14:56:13.883	[34minfo[0m	router register success
[GIN-VUE-ADMIN]2021/06/07 - 14:56:13.900	[34minfo[0m	server run success on 	{"address": ":8888"}
[GIN-VUE-ADMIN]2021/06/07 - 14:56:48.300	[34minfo[0m	register table success
[GIN-VUE-ADMIN]2021/06/07 - 14:56:48.304	[34minfo[0m	use middleware logger
[GIN-VUE-ADMIN]2021/06/07 - 14:56:48.304	[34minfo[0m	use middleware cors
[GIN-VUE-ADMIN]2021/06/07 - 14:56:48.305	[34minfo[0m	register swagger handler
[GIN-VUE-ADMIN]2021/06/07 - 14:56:48.307	[34minfo[0m	router register success
[GIN-VUE-ADMIN]2021/06/07 - 14:56:48.312	[34minfo[0m	server run success on 	{"address": ":8888"}
[GIN-VUE-ADMIN]2021/06/07 - 14:56:50.513	[31merror[0m	æš‚æ— æ•°æ®	{"err": null}
[GIN-VUE-ADMIN]2021/06/07 - 14:56:51.981	[31merror[0m	æš‚æ— æ•°æ®	{"err": null}
[GIN-VUE-ADMIN]2021/06/07 - 14:59:26.956	[31merror[0m	æš‚æ— æ•°æ®	{"err": null}
[GIN-VUE-ADMIN]2021/06/07 - 14:59:34.997	[34minfo[0m	register table success
[GIN-VUE-ADMIN]2021/06/07 - 14:59:34.999	[34minfo[0m	use middleware logger
[GIN-VUE-ADMIN]2021/06/07 - 14:59:34.999	[34minfo[0m	use middleware cors
[GIN-VUE-ADMIN]2021/06/07 - 14:59:34.999	[34minfo[0m	register swagger handler
[GIN-VUE-ADMIN]2021/06/07 - 14:59:35.001	[34minfo[0m	router register success
[GIN-VUE-ADMIN]2021/06/07 - 14:59:35.012	[34minfo[0m	server run success on 	{"address": ":8888"}
[GIN-VUE-ADMIN]2021/06/07 - 15:00:40.306	[34minfo[0m	register table success
[GIN-VUE-ADMIN]2021/06/07 - 15:00:40.309	[34minfo[0m	use middleware logger
[GIN-VUE-ADMIN]2021/06/07 - 15:00:40.309	[34minfo[0m	use middleware cors
[GIN-VUE-ADMIN]2021/06/07 - 15:00:40.309	[34minfo[0m	register swagger handler
[GIN-VUE-ADMIN]2021/06/07 - 15:00:40.310	[34minfo[0m	router register success
[GIN-VUE-ADMIN]2021/06/07 - 15:00:40.317	[34minfo[0m	server run success on 	{"address": ":8888"}
[GIN-VUE-ADMIN]2021/06/07 - 15:04:00.782	[34minfo[0m	register table success
[GIN-VUE-ADMIN]2021/06/07 - 15:04:00.784	[34minfo[0m	use middleware logger
[GIN-VUE-ADMIN]2021/06/07 - 15:04:00.784	[34minfo[0m	use middleware cors
[GIN-VUE-ADMIN]2021/06/07 - 15:04:00.785	[34minfo[0m	register swagger handler
[GIN-VUE-ADMIN]2021/06/07 - 15:04:00.785	[34minfo[0m	router register success
[GIN-VUE-ADMIN]2021/06/07 - 15:04:00.786	[34minfo[0m	server run success on 	{"address": ":8888"}
[GIN-VUE-ADMIN]2021/06/07 - 15:04:43.232	[34minfo[0m	register table success
[GIN-VUE-ADMIN]2021/06/07 - 15:04:43.234	[34minfo[0m	use middleware logger
[GIN-VUE-ADMIN]2021/06/07 - 15:04:43.234	[34minfo[0m	use middleware cors
[GIN-VUE-ADMIN]2021/06/07 - 15:04:43.235	[34minfo[0m	register swagger handler
[GIN-VUE-ADMIN]2021/06/07 - 15:04:43.236	[34minfo[0m	router register success
[GIN-VUE-ADMIN]2021/06/07 - 15:04:43.236	[34minfo[0m	server run success on 	{"address": ":8888"}
[GIN-VUE-ADMIN]2021/06/07 - 15:06:22.927	[34minfo[0m	æ•°æ®åº“æ— éœ€åˆå§‹åŒ–
[GIN-VUE-ADMIN]2021/06/07 - 15:09:06.779	[34minfo[0m	æ•°æ®åº“æ— éœ€åˆå§‹åŒ–
[GIN-VUE-ADMIN]2021/06/07 - 15:13:35.554	[34minfo[0m	æ•°æ®åº“æ— éœ€åˆå§‹åŒ–
[GIN-VUE-ADMIN]2021/06/07 - 15:13:46.132	[34minfo[0m	æ•°æ®åº“æ— éœ€åˆå§‹åŒ–
[GIN-VUE-ADMIN]2021/06/07 - 15:15:04.763	[34minfo[0m	register table success
[GIN-VUE-ADMIN]2021/06/07 - 15:15:04.766	[34minfo[0m	use middleware logger
[GIN-VUE-ADMIN]2021/06/07 - 15:15:04.766	[34minfo[0m	use middleware cors
[GIN-VUE-ADMIN]2021/06/07 - 15:15:04.766	[34minfo[0m	register swagger handler
[GIN-VUE-ADMIN]2021/06/07 - 15:15:04.768	[34minfo[0m	router register success
[GIN-VUE-ADMIN]2021/06/07 - 15:15:04.768	[34minfo[0m	server run success on 	{"address": ":8888"}
[GIN-VUE-ADMIN]2021/06/07 - 15:15:08.435	[34minfo[0m	æ•°æ®åº“æ— éœ€åˆå§‹åŒ–
[GIN-VUE-ADMIN]2021/06/07 - 15:16:28.016	[34minfo[0m	æ•°æ®åº“æ— éœ€åˆå§‹åŒ–
[GIN-VUE-ADMIN]2021/06/07 - 15:39:54.191	[34minfo[0m	register table success
[GIN-VUE-ADMIN]2021/06/07 - 15:39:54.195	[34minfo[0m	use middleware logger
[GIN-VUE-ADMIN]2021/06/07 - 15:39:54.195	[34minfo[0m	use middleware cors
[GIN-VUE-ADMIN]2021/06/07 - 15:39:54.195	[34minfo[0m	register swagger handler
[GIN-VUE-ADMIN]2021/06/07 - 15:39:54.196	[34minfo[0m	router register success
[GIN-VUE-ADMIN]2021/06/07 - 15:39:54.202	[34minfo[0m	server run success on 	{"address": ":8888"}
[GIN-VUE-ADMIN]2021/06/07 - 15:39:57.796	[34minfo[0m	æ•°æ®åº“æ— éœ€åˆå§‹åŒ–
[GIN-VUE-ADMIN]2021/06/07 - 15:40:04.986	[34minfo[0m	æ•°æ®åº“æ— éœ€åˆå§‹åŒ–
[GIN-VUE-ADMIN]2021/06/07 - 15:41:56.599	[34minfo[0m	register table success
[GIN-VUE-ADMIN]2021/06/07 - 15:41:56.602	[34minfo[0m	use middleware logger
[GIN-VUE-ADMIN]2021/06/07 - 15:41:56.602	[34minfo[0m	use middleware cors
[GIN-VUE-ADMIN]2021/06/07 - 15:41:56.602	[34minfo[0m	register swagger handler
[GIN-VUE-ADMIN]2021/06/07 - 15:41:56.604	[34minfo[0m	router register success
[GIN-VUE-ADMIN]2021/06/07 - 15:41:56.611	[34minfo[0m	server run success on 	{"address": ":8888"}
[GIN-VUE-ADMIN]2021/06/07 - 15:42:00.070	[34minfo[0m	æ•°æ®åº“æ— éœ€åˆå§‹åŒ–
[GIN-VUE-ADMIN]2021/06/07 - 15:42:08.997	[34minfo[0m	æ•°æ®åº“æ— éœ€åˆå§‹åŒ–
[GIN-VUE-ADMIN]2021/06/07 - 15:43:02.345	[34minfo[0m	æ•°æ®åº“æ— éœ€åˆå§‹åŒ–
[GIN-VUE-ADMIN]2021/06/07 - 15:44:44.654	[34minfo[0m	æ•°æ®åº“æ— éœ€åˆå§‹åŒ–
[GIN-VUE-ADMIN]2021/06/07 - 15:44:52.547	[34minfo[0m	æ•°æ®åº“æ— éœ€åˆå§‹åŒ–
[GIN-VUE-ADMIN]2021/06/07 - 15:46:05.678	[34minfo[0m	æ•°æ®åº“æ— éœ€åˆå§‹åŒ–
[GIN-VUE-ADMIN]2021/06/07 - 15:47:28.296	[34minfo[0m	æ•°æ®åº“æ— éœ€åˆå§‹åŒ–
[GIN-VUE-ADMIN]2021/06/07 - 15:47:41.042	[34minfo[0m	register table success
[GIN-VUE-ADMIN]2021/06/07 - 15:47:41.046	[34minfo[0m	use middleware logger
[GIN-VUE-ADMIN]2021/06/07 - 15:47:41.046	[34minfo[0m	use middleware cors
[GIN-VUE-ADMIN]2021/06/07 - 15:47:41.046	[34minfo[0m	register swagger handler
[GIN-VUE-ADMIN]2021/06/07 - 15:47:41.047	[34minfo[0m	router register success
[GIN-VUE-ADMIN]2021/06/07 - 15:47:41.061	[34minfo[0m	server run success on 	{"address": ":8888"}
[GIN-VUE-ADMIN]2021/06/07 - 15:47:41.360	[34minfo[0m	æ•°æ®åº“æ— éœ€åˆå§‹åŒ–
[GIN-VUE-ADMIN]2021/06/07 - 15:47:43.215	[34minfo[0m	æ•°æ®åº“æ— éœ€åˆå§‹åŒ–
[GIN-VUE-ADMIN]2021/06/07 - 15:47:47.520	[34minfo[0m	æ•°æ®åº“æ— éœ€åˆå§‹åŒ–
[GIN-VUE-ADMIN]2021/06/07 - 15:55:37.909	[34minfo[0m	æ•°æ®åº“æ— éœ€åˆå§‹åŒ–
[GIN-VUE-ADMIN]2021/06/07 - 15:55:43.322	[34minfo[0m	æ•°æ®åº“æ— éœ€åˆå§‹åŒ–
[GIN-VUE-ADMIN]2021/06/07 - 15:56:17.491	[34minfo[0m	æ•°æ®åº“æ— éœ€åˆå§‹åŒ–
[GIN-VUE-ADMIN]2021/06/07 - 15:57:15.560	[34minfo[0m	æ•°æ®åº“æ— éœ€åˆå§‹åŒ–
[GIN-VUE-ADMIN]2021/06/07 - 15:57:24.004	[34minfo[0m	æ•°æ®åº“æ— éœ€åˆå§‹åŒ–
[GIN-VUE-ADMIN]2021/06/07 - 15:58:05.461	[34minfo[0m	register table success
[GIN-VUE-ADMIN]2021/06/07 - 15:58:05.464	[34minfo[0m	use middleware logger
[GIN-VUE-ADMIN]2021/06/07 - 15:58:05.464	[34minfo[0m	use middleware cors
[GIN-VUE-ADMIN]2021/06/07 - 15:58:05.464	[34minfo[0m	register swagger handler
[GIN-VUE-ADMIN]2021/06/07 - 15:58:05.465	[34minfo[0m	router register success
[GIN-VUE-ADMIN]2021/06/07 - 15:58:05.472	[34minfo[0m	server run success on 	{"address": ":8888"}
[GIN-VUE-ADMIN]2021/06/07 - 15:58:19.652	[34minfo[0m	register table success
[GIN-VUE-ADMIN]2021/06/07 - 15:58:19.655	[34minfo[0m	use middleware logger
[GIN-VUE-ADMIN]2021/06/07 - 15:58:19.655	[34minfo[0m	use middleware cors
[GIN-VUE-ADMIN]2021/06/07 - 15:58:19.656	[34minfo[0m	register swagger handler
[GIN-VUE-ADMIN]2021/06/07 - 15:58:19.657	[34minfo[0m	router register success
[GIN-VUE-ADMIN]2021/06/07 - 15:58:19.669	[34minfo[0m	server run success on 	{"address": ":8888"}
[GIN-VUE-ADMIN]2021/06/07 - 15:58:24.971	[34minfo[0m	æ•°æ®åº“æ— éœ€åˆå§‹åŒ–
[GIN-VUE-ADMIN]2021/06/07 - 15:58:31.053	[34minfo[0m	æ•°æ®åº“æ— éœ€åˆå§‹åŒ–
[GIN-VUE-ADMIN]2021/06/07 - 15:59:28.343	[34minfo[0m	æ•°æ®åº“æ— éœ€åˆå§‹åŒ–
[GIN-VUE-ADMIN]2021/06/07 - 15:59:43.184	[34minfo[0m	æ•°æ®åº“æ— éœ€åˆå§‹åŒ–
[GIN-VUE-ADMIN]2021/06/07 - 15:59:48.581	[34minfo[0m	æ•°æ®åº“æ— éœ€åˆå§‹åŒ–
[GIN-VUE-ADMIN]2021/06/07 - 16:00:39.229	[34minfo[0m	æ•°æ®åº“æ— éœ€åˆå§‹åŒ–
[GIN-VUE-ADMIN]2021/06/07 - 16:01:00.118	[34minfo[0m	æ•°æ®åº“æ— éœ€åˆå§‹åŒ–
[GIN-VUE-ADMIN]2021/06/07 - 16:04:51.203	[34minfo[0m	æ•°æ®åº“æ— éœ€åˆå§‹åŒ–
[GIN-VUE-ADMIN]2021/06/07 - 16:04:59.623	[34minfo[0m	æ•°æ®åº“æ— éœ€åˆå§‹åŒ–
[GIN-VUE-ADMIN]2021/06/07 - 16:06:21.290	[34minfo[0m	æ•°æ®åº“æ— éœ€åˆå§‹åŒ–
[GIN-VUE-ADMIN]2021/06/07 - 16:21:50.928	[34minfo[0m	æ•°æ®åº“æ— éœ€åˆå§‹åŒ–
[GIN-VUE-ADMIN]2021/06/07 - 16:24:20.893	[34minfo[0m	æ•°æ®åº“æ— éœ€åˆå§‹åŒ–
[GIN-VUE-ADMIN]2021/06/07 - 16:27:32.224	[34minfo[0m	æ•°æ®åº“æ— éœ€åˆå§‹åŒ–
[GIN-VUE-ADMIN]2021/06/07 - 16:35:58.678	[34minfo[0m	æ•°æ®åº“æ— éœ€åˆå§‹åŒ–
[GIN-VUE-ADMIN]2021/06/07 - 16:36:21.430	[34minfo[0m	æ•°æ®åº“æ— éœ€åˆå§‹åŒ–
[GIN-VUE-ADMIN]2021/06/07 - 16:37:00.941	[34minfo[0m	æ•°æ®åº“æ— éœ€åˆå§‹åŒ–
[GIN-VUE-ADMIN]2021/06/07 - 17:01:32.369	[34minfo[0m	æ•°æ®åº“æ— éœ€åˆå§‹åŒ–
[GIN-VUE-ADMIN]2021/06/07 - 17:03:22.525	[34minfo[0m	æ•°æ®åº“æ— éœ€åˆå§‹åŒ–
[GIN-VUE-ADMIN]2021/06/07 - 17:04:24.920	[34minfo[0m	æ•°æ®åº“æ— éœ€åˆå§‹åŒ–
[GIN-VUE-ADMIN]2021/06/07 - 17:05:14.093	[34minfo[0m	æ•°æ®åº“æ— éœ€åˆå§‹åŒ–
[GIN-VUE-ADMIN]2021/06/07 - 17:05:33.126	[34minfo[0m	æ•°æ®åº“æ— éœ€åˆå§‹åŒ–
[GIN-VUE-ADMIN]2021/06/07 - 17:06:51.627	[34minfo[0m	æ•°æ®åº“æ— éœ€åˆå§‹åŒ–
[GIN-VUE-ADMIN]2021/06/07 - 17:07:08.688	[34minfo[0m	æ•°æ®åº“æ— éœ€åˆå§‹åŒ–
[GIN-VUE-ADMIN]2021/06/07 - 17:08:28.928	[34minfo[0m	æ•°æ®åº“æ— éœ€åˆå§‹åŒ–
[GIN-VUE-ADMIN]2021/06/07 - 17:08:45.361	[34minfo[0m	æ•°æ®åº“æ— éœ€åˆå§‹åŒ–
[GIN-VUE-ADMIN]2021/06/07 - 17:09:53.422	[34minfo[0m	æ•°æ®åº“æ— éœ€åˆå§‹åŒ–
[GIN-VUE-ADMIN]2021/06/07 - 17:10:17.036	[34minfo[0m	æ•°æ®åº“æ— éœ€åˆå§‹åŒ–
[GIN-VUE-ADMIN]2021/06/07 - 17:12:52.877	[34minfo[0m	æ•°æ®åº“æ— éœ€åˆå§‹åŒ–
[GIN-VUE-ADMIN]2021/06/07 - 17:14:25.587	[34minfo[0m	æ•°æ®åº“æ— éœ€åˆå§‹åŒ–
[GIN-VUE-ADMIN]2021/06/07 - 17:14:50.137	[34minfo[0m	æ•°æ®åº“æ— éœ€åˆå§‹åŒ–
[GIN-VUE-ADMIN]2021/06/07 - 17:18:04.883	[34minfo[0m	æ•°æ®åº“æ— éœ€åˆå§‹åŒ–
[GIN-VUE-ADMIN]2021/06/07 - 17:18:53.432	[34minfo[0m	æ•°æ®åº“æ— éœ€åˆå§‹åŒ–
[GIN-VUE-ADMIN]2021/06/07 - 17:19:23.951	[34minfo[0m	æ•°æ®åº“æ— éœ€åˆå§‹åŒ–
[GIN-VUE-ADMIN]2021/06/07 - 17:19:34.799	[34minfo[0m	æ•°æ®åº“æ— éœ€åˆå§‹åŒ–
[GIN-VUE-ADMIN]2021/06/07 - 17:19:52.500	[34minfo[0m	æ•°æ®åº“æ— éœ€åˆå§‹åŒ–
[GIN-VUE-ADMIN]2021/06/07 - 17:20:59.032	[34minfo[0m	æ•°æ®åº“æ— éœ€åˆå§‹åŒ–
[GIN-VUE-ADMIN]2021/06/07 - 17:21:28.877	[34minfo[0m	æ•°æ®åº“æ— éœ€åˆå§‹åŒ–
[GIN-VUE-ADMIN]2021/06/07 - 17:21:37.053	[34minfo[0m	æ•°æ®åº“æ— éœ€åˆå§‹åŒ–
[GIN-VUE-ADMIN]2021/06/07 - 17:21:43.268	[34minfo[0m	æ•°æ®åº“æ— éœ€åˆå§‹åŒ–
[GIN-VUE-ADMIN]2021/06/07 - 17:22:23.370	[34minfo[0m	æ•°æ®åº“æ— éœ€åˆå§‹åŒ–
[GIN-VUE-ADMIN]2021/06/07 - 17:23:01.975	[34minfo[0m	æ•°æ®åº“æ— éœ€åˆå§‹åŒ–
[GIN-VUE-ADMIN]2021/06/07 - 17:27:14.793	[34minfo[0m	æ•°æ®åº“æ— éœ€åˆå§‹åŒ–
[GIN-VUE-ADMIN]2021/06/07 - 17:28:09.949	[34minfo[0m	æ•°æ®åº“æ— éœ€åˆå§‹åŒ–
[GIN-VUE-ADMIN]2021/06/07 - 17:28:16.981	[34minfo[0m	æ•°æ®åº“æ— éœ€åˆå§‹åŒ–
[GIN-VUE-ADMIN]2021/06/07 - 17:36:33.979	[34minfo[0m	æ•°æ®åº“æ— éœ€åˆå§‹åŒ–
[GIN-VUE-ADMIN]2021/06/07 - 17:48:40.731	[34minfo[0m	register table success
[GIN-VUE-ADMIN]2021/06/07 - 17:48:40.736	[34minfo[0m	use middleware logger
[GIN-VUE-ADMIN]2021/06/07 - 17:48:40.736	[34minfo[0m	use middleware cors
[GIN-VUE-ADMIN]2021/06/07 - 17:48:40.737	[34minfo[0m	register swagger handler
[GIN-VUE-ADMIN]2021/06/07 - 17:48:40.738	[34minfo[0m	router register success
[GIN-VUE-ADMIN]2021/06/07 - 17:48:40.747	[34minfo[0m	server run success on 	{"address": ":8888"}
[GIN-VUE-ADMIN]2021/06/07 - 18:29:38.022	[34minfo[0m	æ•°æ®åº“æ— éœ€åˆå§‹åŒ–
[GIN-VUE-ADMIN]2021/06/07 - 18:30:15.987	[34minfo[0m	æ•°æ®åº“æ— éœ€åˆå§‹åŒ–
