[GIN-VUE-ADMIN]2021/06/03 - 17:19:56.812	[34minfo[0m	register table success
[GIN-VUE-ADMIN]2021/06/03 - 17:19:56.819	[34minfo[0m	use middleware logger
[GIN-VUE-ADMIN]2021/06/03 - 17:19:56.819	[34minfo[0m	use middleware cors
[GIN-VUE-ADMIN]2021/06/03 - 17:19:56.819	[34minfo[0m	register swagger handler
[GIN-VUE-ADMIN]2021/06/03 - 17:19:56.823	[34minfo[0m	router register success
[GIN-VUE-ADMIN]2021/06/03 - 17:19:56.824	[34minfo[0m	server run success on 	{"address": ":8888"}
[GIN-VUE-ADMIN]2021/06/03 - 17:20:12.806	[34minfo[0m	æ•°æ®åº“æ— éœ€åˆå§‹åŒ–
[GIN-VUE-ADMIN]2021/06/03 - 17:52:30.338	[34minfo[0m	æ•°æ®åº“æ— éœ€åˆå§‹åŒ–
[GIN-VUE-ADMIN]2021/06/03 - 17:53:03.221	[34minfo[0m	æ•°æ®åº“æ— éœ€åˆå§‹åŒ–
[GIN-VUE-ADMIN]2021/06/03 - 17:53:27.977	[34minfo[0m	æ•°æ®åº“æ— éœ€åˆå§‹åŒ–
[GIN-VUE-ADMIN]2021/06/03 - 17:56:21.606	[34minfo[0m	æ•°æ®åº“æ— éœ€åˆå§‹åŒ–
[GIN-VUE-ADMIN]2021/06/03 - 17:56:22.418	[34minfo[0m	æ•°æ®åº“æ— éœ€åˆå§‹åŒ–
[GIN-VUE-ADMIN]2021/06/03 - 18:25:13.669	[34minfo[0m	register table success
[GIN-VUE-ADMIN]2021/06/03 - 18:25:13.671	[34minfo[0m	use middleware logger
[GIN-VUE-ADMIN]2021/06/03 - 18:25:13.671	[34minfo[0m	use middleware cors
[GIN-VUE-ADMIN]2021/06/03 - 18:25:13.672	[34minfo[0m	register swagger handler
[GIN-VUE-ADMIN]2021/06/03 - 18:25:13.672	[34minfo[0m	router register success
[GIN-VUE-ADMIN]2021/06/03 - 18:25:13.673	[34minfo[0m	server run success on 	{"address": ":8888"}
[GIN-VUE-ADMIN]2021/06/03 - 18:25:50.390	[34minfo[0m	register table success
[GIN-VUE-ADMIN]2021/06/03 - 18:25:50.392	[34minfo[0m	use middleware logger
[GIN-VUE-ADMIN]2021/06/03 - 18:25:50.392	[34minfo[0m	use middleware cors
[GIN-VUE-ADMIN]2021/06/03 - 18:25:50.392	[34minfo[0m	register swagger handler
[GIN-VUE-ADMIN]2021/06/03 - 18:25:50.393	[34minfo[0m	router register success
[GIN-VUE-ADMIN]2021/06/03 - 18:25:50.393	[34minfo[0m	server run success on 	{"address": ":8888"}
[GIN-VUE-ADMIN]2021/06/03 - 18:28:38.659	[34minfo[0m	register table success
[GIN-VUE-ADMIN]2021/06/03 - 18:28:38.661	[34minfo[0m	use middleware logger
[GIN-VUE-ADMIN]2021/06/03 - 18:28:38.661	[34minfo[0m	use middleware cors
[GIN-VUE-ADMIN]2021/06/03 - 18:28:38.662	[34minfo[0m	register swagger handler
[GIN-VUE-ADMIN]2021/06/03 - 18:28:38.663	[34minfo[0m	router register success
[GIN-VUE-ADMIN]2021/06/03 - 18:28:38.671	[34minfo[0m	server run success on 	{"address": ":8888"}
[GIN-VUE-ADMIN]2021/06/03 - 18:30:52.814	[34minfo[0m	register table success
[GIN-VUE-ADMIN]2021/06/03 - 18:30:52.816	[34minfo[0m	use middleware logger
[GIN-VUE-ADMIN]2021/06/03 - 18:30:52.816	[34minfo[0m	use middleware cors
[GIN-VUE-ADMIN]2021/06/03 - 18:30:52.816	[34minfo[0m	register swagger handler
[GIN-VUE-ADMIN]2021/06/03 - 18:30:52.816	[34minfo[0m	router register success
[GIN-VUE-ADMIN]2021/06/03 - 18:30:52.817	[34minfo[0m	server run success on 	{"address": ":8888"}
[GIN-VUE-ADMIN]2021/06/03 - 18:31:06.488	[34minfo[0m	register table success
[GIN-VUE-ADMIN]2021/06/03 - 18:31:06.490	[34minfo[0m	use middleware logger
[GIN-VUE-ADMIN]2021/06/03 - 18:31:06.491	[34minfo[0m	use middleware cors
[GIN-VUE-ADMIN]2021/06/03 - 18:31:06.491	[34minfo[0m	register swagger handler
[GIN-VUE-ADMIN]2021/06/03 - 18:31:06.492	[34minfo[0m	router register success
[GIN-VUE-ADMIN]2021/06/03 - 18:31:06.493	[34minfo[0m	server run success on 	{"address": ":8888"}
[GIN-VUE-ADMIN]2021/06/03 - 18:33:41.473	[34minfo[0m	register table success
[GIN-VUE-ADMIN]2021/06/03 - 18:33:41.477	[34minfo[0m	use middleware logger
[GIN-VUE-ADMIN]2021/06/03 - 18:33:41.477	[34minfo[0m	use middleware cors
[GIN-VUE-ADMIN]2021/06/03 - 18:33:41.477	[34minfo[0m	register swagger handler
[GIN-VUE-ADMIN]2021/06/03 - 18:33:41.478	[34minfo[0m	router register success
[GIN-VUE-ADMIN]2021/06/03 - 18:33:41.489	[34minfo[0m	server run success on 	{"address": ":8888"}
[GIN-VUE-ADMIN]2021/06/03 - 18:33:57.026	[31merror[0m	æŸ¥è¯¢å¤±è´¥!	{"err": "record not found"}
