[GIN-VUE-ADMIN]2021/06/05 - 15:49:23.602	[31merror[0m	MySQL启动异常	{"err": "Error 1045: Access denied for user 'root'@'localhost' (using password: NO)"}
[GIN-VUE-ADMIN]2021/06/05 - 15:52:32.004	[34minfo[0m	register table success
[GIN-VUE-ADMIN]2021/06/05 - 15:52:32.007	[34minfo[0m	use middleware logger
[GIN-VUE-ADMIN]2021/06/05 - 15:52:32.007	[34minfo[0m	use middleware cors
[GIN-VUE-ADMIN]2021/06/05 - 15:52:32.008	[34minfo[0m	register swagger handler
[GIN-VUE-ADMIN]2021/06/05 - 15:52:32.009	[34minfo[0m	router register success
[GIN-VUE-ADMIN]2021/06/05 - 15:52:32.015	[34minfo[0m	server run success on 	{"address": ":8888"}
[GIN-VUE-ADMIN]2021/06/05 - 16:02:04.233	[34minfo[0m	数据库无需初始化
[GIN-VUE-ADMIN]2021/06/05 - 17:11:43.020	[34minfo[0m	数据库无需初始化
[GIN-VUE-ADMIN]2021/06/05 - 17:12:18.123	[34minfo[0m	数据库无需初始化
[GIN-VUE-ADMIN]2021/06/05 - 17:16:08.835	[34minfo[0m	register table success
[GIN-VUE-ADMIN]2021/06/05 - 17:16:08.838	[34minfo[0m	use middleware logger
[GIN-VUE-ADMIN]2021/06/05 - 17:16:08.838	[34minfo[0m	use middleware cors
[GIN-VUE-ADMIN]2021/06/05 - 17:16:08.838	[34minfo[0m	register swagger handler
[GIN-VUE-ADMIN]2021/06/05 - 17:16:08.839	[34minfo[0m	router register success
[GIN-VUE-ADMIN]2021/06/05 - 17:16:08.839	[34minfo[0m	server run success on 	{"address": ":8888"}
[GIN-VUE-ADMIN]2021/06/05 - 17:16:09.717	[31merror[0m	error	{"err": "Error 1054: Unknown column 'question_id' in 'field list'"}
[GIN-VUE-ADMIN]2021/06/05 - 17:16:11.113	[31merror[0m	error	{"err": "Error 1054: Unknown column 'question_id' in 'field list'"}
[GIN-VUE-ADMIN]2021/06/05 - 17:16:19.312	[31merror[0m	error	{"err": "Error 1054: Unknown column 'question_id' in 'field list'"}
[GIN-VUE-ADMIN]2021/06/05 - 17:16:22.131	[31merror[0m	error	{"err": "Error 1054: Unknown column 'question_id' in 'field list'"}
[GIN-VUE-ADMIN]2021/06/05 - 17:19:42.358	[34minfo[0m	register table success
[GIN-VUE-ADMIN]2021/06/05 - 17:19:42.360	[34minfo[0m	use middleware logger
[GIN-VUE-ADMIN]2021/06/05 - 17:19:42.360	[34minfo[0m	use middleware cors
[GIN-VUE-ADMIN]2021/06/05 - 17:19:42.361	[34minfo[0m	register swagger handler
[GIN-VUE-ADMIN]2021/06/05 - 17:19:42.362	[34minfo[0m	router register success
[GIN-VUE-ADMIN]2021/06/05 - 17:19:42.373	[34minfo[0m	server run success on 	{"address": ":8888"}
[GIN-VUE-ADMIN]2021/06/05 - 17:19:50.362	[31merror[0m	error	{"err": "Error 1054: Unknown column 'question_id' in 'field list'"}
[GIN-VUE-ADMIN]2021/06/05 - 17:19:51.617	[31merror[0m	error	{"err": "Error 1054: Unknown column 'question_id' in 'field list'"}
[GIN-VUE-ADMIN]2021/06/05 - 17:19:52.255	[31merror[0m	error	{"err": "Error 1054: Unknown column 'question_id' in 'field list'"}
[GIN-VUE-ADMIN]2021/06/05 - 17:19:52.852	[31merror[0m	error	{"err": "Error 1054: Unknown column 'question_id' in 'field list'"}
[GIN-VUE-ADMIN]2021/06/05 - 17:19:53.231	[31merror[0m	error	{"err": "Error 1054: Unknown column 'question_id' in 'field list'"}
[GIN-VUE-ADMIN]2021/06/05 - 17:20:46.427	[34minfo[0m	register table success
[GIN-VUE-ADMIN]2021/06/05 - 17:20:46.430	[34minfo[0m	use middleware logger
[GIN-VUE-ADMIN]2021/06/05 - 17:20:46.430	[34minfo[0m	use middleware cors
[GIN-VUE-ADMIN]2021/06/05 - 17:20:46.430	[34minfo[0m	register swagger handler
[GIN-VUE-ADMIN]2021/06/05 - 17:20:46.431	[34minfo[0m	router register success
[GIN-VUE-ADMIN]2021/06/05 - 17:20:46.443	[34minfo[0m	server run success on 	{"address": ":8888"}
[GIN-VUE-ADMIN]2021/06/05 - 17:36:30.839	[34minfo[0m	register table success
[GIN-VUE-ADMIN]2021/06/05 - 17:36:30.841	[34minfo[0m	use middleware logger
[GIN-VUE-ADMIN]2021/06/05 - 17:36:30.841	[34minfo[0m	use middleware cors
[GIN-VUE-ADMIN]2021/06/05 - 17:36:30.842	[34minfo[0m	register swagger handler
[GIN-VUE-ADMIN]2021/06/05 - 17:36:30.842	[34minfo[0m	router register success
[GIN-VUE-ADMIN]2021/06/05 - 17:36:30.843	[34minfo[0m	server run success on 	{"address": ":8888"}
[GIN-VUE-ADMIN]2021/06/05 - 17:36:36.018	[31merror[0m	error	{"err": "question: unsupported relations"}
[GIN-VUE-ADMIN]2021/06/05 - 17:36:49.253	[31merror[0m	error	{"err": "question: unsupported relations"}
[GIN-VUE-ADMIN]2021/06/05 - 17:40:52.341	[34minfo[0m	register table success
[GIN-VUE-ADMIN]2021/06/05 - 17:40:52.344	[34minfo[0m	use middleware logger
[GIN-VUE-ADMIN]2021/06/05 - 17:40:52.344	[34minfo[0m	use middleware cors
[GIN-VUE-ADMIN]2021/06/05 - 17:40:52.344	[34minfo[0m	register swagger handler
[GIN-VUE-ADMIN]2021/06/05 - 17:40:52.345	[34minfo[0m	router register success
[GIN-VUE-ADMIN]2021/06/05 - 17:40:52.358	[34minfo[0m	server run success on 	{"address": ":8888"}
[GIN-VUE-ADMIN]2021/06/05 - 17:40:56.587	[31merror[0m	error	{"err": "question: unsupported relations"}
[GIN-VUE-ADMIN]2021/06/05 - 17:40:58.605	[31merror[0m	error	{"err": "question: unsupported relations"}
[GIN-VUE-ADMIN]2021/06/05 - 17:40:59.482	[31merror[0m	error	{"err": "question: unsupported relations"}
[GIN-VUE-ADMIN]2021/06/05 - 17:41:00.493	[31merror[0m	error	{"err": "question: unsupported relations"}
[GIN-VUE-ADMIN]2021/06/05 - 17:41:01.454	[31merror[0m	error	{"err": "question: unsupported relations"}
[GIN-VUE-ADMIN]2021/06/05 - 17:45:31.191	[34minfo[0m	register table success
[GIN-VUE-ADMIN]2021/06/05 - 17:45:31.193	[34minfo[0m	use middleware logger
[GIN-VUE-ADMIN]2021/06/05 - 17:45:31.193	[34minfo[0m	use middleware cors
[GIN-VUE-ADMIN]2021/06/05 - 17:45:31.193	[34minfo[0m	register swagger handler
[GIN-VUE-ADMIN]2021/06/05 - 17:45:31.194	[34minfo[0m	router register success
[GIN-VUE-ADMIN]2021/06/05 - 17:45:31.194	[34minfo[0m	server run success on 	{"address": ":8888"}
[GIN-VUE-ADMIN]2021/06/05 - 17:47:15.350	[34minfo[0m	register table success
[GIN-VUE-ADMIN]2021/06/05 - 17:47:15.352	[34minfo[0m	use middleware logger
[GIN-VUE-ADMIN]2021/06/05 - 17:47:15.352	[34minfo[0m	use middleware cors
[GIN-VUE-ADMIN]2021/06/05 - 17:47:15.352	[34minfo[0m	register swagger handler
[GIN-VUE-ADMIN]2021/06/05 - 17:47:15.354	[34minfo[0m	router register success
[GIN-VUE-ADMIN]2021/06/05 - 17:47:15.354	[34minfo[0m	server run success on 	{"address": ":8888"}
[GIN-VUE-ADMIN]2021/06/05 - 17:47:23.554	[31merror[0m	error	{"err": "question: unsupported relations"}
[GIN-VUE-ADMIN]2021/06/05 - 17:48:55.318	[34minfo[0m	register table success
[GIN-VUE-ADMIN]2021/06/05 - 17:48:55.321	[34minfo[0m	use middleware logger
[GIN-VUE-ADMIN]2021/06/05 - 17:48:55.321	[34minfo[0m	use middleware cors
[GIN-VUE-ADMIN]2021/06/05 - 17:48:55.322	[34minfo[0m	register swagger handler
[GIN-VUE-ADMIN]2021/06/05 - 17:48:55.323	[34minfo[0m	router register success
[GIN-VUE-ADMIN]2021/06/05 - 17:48:55.336	[34minfo[0m	server run success on 	{"address": ":8888"}
[GIN-VUE-ADMIN]2021/06/05 - 18:01:29.775	[31merror[0m	register table failed	{"err": "invalid field found for struct gin-vue-admin/model.Exam_paper's field Question, need to define a foreign key for relations or it need to implement the Valuer/Scanner interface"}
[GIN-VUE-ADMIN]2021/06/05 - 18:02:10.929	[34minfo[0m	register table success
[GIN-VUE-ADMIN]2021/06/05 - 18:02:10.931	[34minfo[0m	use middleware logger
[GIN-VUE-ADMIN]2021/06/05 - 18:02:10.931	[34minfo[0m	use middleware cors
[GIN-VUE-ADMIN]2021/06/05 - 18:02:10.932	[34minfo[0m	register swagger handler
[GIN-VUE-ADMIN]2021/06/05 - 18:02:10.933	[34minfo[0m	router register success
[GIN-VUE-ADMIN]2021/06/05 - 18:02:10.937	[34minfo[0m	server run success on 	{"address": ":8888"}
[GIN-VUE-ADMIN]2021/06/05 - 18:04:57.934	[31merror[0m	register table failed	{"err": "invalid field found for struct gin-vue-admin/model.Exam_paper's field Question, need to define a foreign key for relations or it need to implement the Valuer/Scanner interface"}
[GIN-VUE-ADMIN]2021/06/05 - 18:08:19.194	[34minfo[0m	register table success
[GIN-VUE-ADMIN]2021/06/05 - 18:08:19.196	[34minfo[0m	use middleware logger
[GIN-VUE-ADMIN]2021/06/05 - 18:08:19.196	[34minfo[0m	use middleware cors
[GIN-VUE-ADMIN]2021/06/05 - 18:08:19.196	[34minfo[0m	register swagger handler
[GIN-VUE-ADMIN]2021/06/05 - 18:08:19.197	[34minfo[0m	router register success
[GIN-VUE-ADMIN]2021/06/05 - 18:08:19.203	[34minfo[0m	server run success on 	{"address": ":8888"}
[GIN-VUE-ADMIN]2021/06/05 - 18:08:29.408	[31merror[0m	error	{"err": "question: unsupported relations"}
[GIN-VUE-ADMIN]2021/06/05 - 18:08:31.314	[31merror[0m	error	{"err": "question: unsupported relations"}
[GIN-VUE-ADMIN]2021/06/05 - 18:08:32.410	[31merror[0m	error	{"err": "question: unsupported relations"}
[GIN-VUE-ADMIN]2021/06/05 - 18:08:34.760	[31merror[0m	error	{"err": "question: unsupported relations"}
[GIN-VUE-ADMIN]2021/06/05 - 18:09:26.636	[34minfo[0m	register table success
[GIN-VUE-ADMIN]2021/06/05 - 18:09:26.638	[34minfo[0m	use middleware logger
[GIN-VUE-ADMIN]2021/06/05 - 18:09:26.638	[34minfo[0m	use middleware cors
[GIN-VUE-ADMIN]2021/06/05 - 18:09:26.638	[34minfo[0m	register swagger handler
[GIN-VUE-ADMIN]2021/06/05 - 18:09:26.639	[34minfo[0m	router register success
[GIN-VUE-ADMIN]2021/06/05 - 18:09:26.641	[34minfo[0m	server run success on 	{"address": ":8888"}
[GIN-VUE-ADMIN]2021/06/05 - 18:09:29.294	[31merror[0m	error	{"err": "question: unsupported relations"}
[GIN-VUE-ADMIN]2021/06/05 - 18:09:30.435	[31merror[0m	error	{"err": "question: unsupported relations"}
[GIN-VUE-ADMIN]2021/06/05 - 18:09:31.810	[31merror[0m	error	{"err": "question: unsupported relations"}
[GIN-VUE-ADMIN]2021/06/05 - 18:09:32.747	[31merror[0m	error	{"err": "question: unsupported relations"}
[GIN-VUE-ADMIN]2021/06/05 - 18:09:33.934	[31merror[0m	error	{"err": "question: unsupported relations"}
[GIN-VUE-ADMIN]2021/06/05 - 18:11:17.833	[34minfo[0m	register table success
[GIN-VUE-ADMIN]2021/06/05 - 18:11:17.835	[34minfo[0m	use middleware logger
[GIN-VUE-ADMIN]2021/06/05 - 18:11:17.835	[34minfo[0m	use middleware cors
[GIN-VUE-ADMIN]2021/06/05 - 18:11:17.835	[34minfo[0m	register swagger handler
[GIN-VUE-ADMIN]2021/06/05 - 18:11:17.836	[34minfo[0m	router register success
[GIN-VUE-ADMIN]2021/06/05 - 18:11:17.839	[34minfo[0m	server run success on 	{"address": ":8888"}
[GIN-VUE-ADMIN]2021/06/05 - 18:14:09.953	[34minfo[0m	register table success
[GIN-VUE-ADMIN]2021/06/05 - 18:14:09.955	[34minfo[0m	use middleware logger
[GIN-VUE-ADMIN]2021/06/05 - 18:14:09.955	[34minfo[0m	use middleware cors
[GIN-VUE-ADMIN]2021/06/05 - 18:14:09.955	[34minfo[0m	register swagger handler
[GIN-VUE-ADMIN]2021/06/05 - 18:14:09.957	[34minfo[0m	router register success
[GIN-VUE-ADMIN]2021/06/05 - 18:14:09.966	[34minfo[0m	server run success on 	{"address": ":8888"}
[GIN-VUE-ADMIN]2021/06/05 - 18:14:42.394	[34minfo[0m	register table success
[GIN-VUE-ADMIN]2021/06/05 - 18:14:42.398	[34minfo[0m	use middleware logger
[GIN-VUE-ADMIN]2021/06/05 - 18:14:42.398	[34minfo[0m	use middleware cors
[GIN-VUE-ADMIN]2021/06/05 - 18:14:42.398	[34minfo[0m	register swagger handler
[GIN-VUE-ADMIN]2021/06/05 - 18:14:42.399	[34minfo[0m	router register success
[GIN-VUE-ADMIN]2021/06/05 - 18:14:42.411	[34minfo[0m	server run success on 	{"address": ":8888"}
[GIN-VUE-ADMIN]2021/06/05 - 18:17:51.738	[34minfo[0m	register table success
[GIN-VUE-ADMIN]2021/06/05 - 18:17:51.741	[34minfo[0m	use middleware logger
[GIN-VUE-ADMIN]2021/06/05 - 18:17:51.741	[34minfo[0m	use middleware cors
[GIN-VUE-ADMIN]2021/06/05 - 18:17:51.741	[34minfo[0m	register swagger handler
[GIN-VUE-ADMIN]2021/06/05 - 18:17:51.742	[34minfo[0m	router register success
[GIN-VUE-ADMIN]2021/06/05 - 18:17:51.742	[34minfo[0m	server run success on 	{"address": ":8888"}
[GIN-VUE-ADMIN]2021/06/05 - 18:32:41.140	[31merror[0m	MySQL启动异常	{"err": "dial tcp 127.0.0.1:3306: connectex: No connection could be made because the target machine actively refused it."}
[GIN-VUE-ADMIN]2021/06/05 - 18:34:17.911	[34minfo[0m	register table success
[GIN-VUE-ADMIN]2021/06/05 - 18:34:17.914	[34minfo[0m	use middleware logger
[GIN-VUE-ADMIN]2021/06/05 - 18:34:17.914	[34minfo[0m	use middleware cors
[GIN-VUE-ADMIN]2021/06/05 - 18:34:17.914	[34minfo[0m	register swagger handler
[GIN-VUE-ADMIN]2021/06/05 - 18:34:17.915	[34minfo[0m	router register success
[GIN-VUE-ADMIN]2021/06/05 - 18:34:17.918	[34minfo[0m	server run success on 	{"address": ":8888"}
[GIN-VUE-ADMIN]2021/06/05 - 18:35:03.060	[31merror[0m	error	{"err": "question: unsupported relations"}
[GIN-VUE-ADMIN]2021/06/05 - 18:35:10.137	[31merror[0m	error	{"err": "question: unsupported relations"}
[GIN-VUE-ADMIN]2021/06/05 - 18:35:23.804	[34minfo[0m	register table success
[GIN-VUE-ADMIN]2021/06/05 - 18:35:23.807	[34minfo[0m	use middleware logger
[GIN-VUE-ADMIN]2021/06/05 - 18:35:23.807	[34minfo[0m	use middleware cors
[GIN-VUE-ADMIN]2021/06/05 - 18:35:23.807	[34minfo[0m	register swagger handler
[GIN-VUE-ADMIN]2021/06/05 - 18:35:23.809	[34minfo[0m	router register success
[GIN-VUE-ADMIN]2021/06/05 - 18:35:23.823	[34minfo[0m	server run success on 	{"address": ":8888"}
[GIN-VUE-ADMIN]2021/06/05 - 18:35:27.997	[31merror[0m	error	{"err": "question: unsupported relations"}
[GIN-VUE-ADMIN]2021/06/05 - 18:36:17.312	[34minfo[0m	register table success
[GIN-VUE-ADMIN]2021/06/05 - 18:36:17.315	[34minfo[0m	use middleware logger
[GIN-VUE-ADMIN]2021/06/05 - 18:36:17.315	[34minfo[0m	use middleware cors
[GIN-VUE-ADMIN]2021/06/05 - 18:36:17.315	[34minfo[0m	register swagger handler
[GIN-VUE-ADMIN]2021/06/05 - 18:36:17.316	[34minfo[0m	router register success
[GIN-VUE-ADMIN]2021/06/05 - 18:36:17.317	[34minfo[0m	server run success on 	{"address": ":8888"}
[GIN-VUE-ADMIN]2021/06/05 - 18:41:13.274	[34minfo[0m	数据库无需初始化
[GIN-VUE-ADMIN]2021/06/05 - 18:44:56.070	[34minfo[0m	register table success
[GIN-VUE-ADMIN]2021/06/05 - 18:44:56.072	[34minfo[0m	use middleware logger
[GIN-VUE-ADMIN]2021/06/05 - 18:44:56.072	[34minfo[0m	use middleware cors
[GIN-VUE-ADMIN]2021/06/05 - 18:44:56.073	[34minfo[0m	register swagger handler
[GIN-VUE-ADMIN]2021/06/05 - 18:44:56.074	[34minfo[0m	router register success
[GIN-VUE-ADMIN]2021/06/05 - 18:44:56.083	[34minfo[0m	server run success on 	{"address": ":8888"}
[GIN-VUE-ADMIN]2021/06/05 - 18:48:04.997	[34minfo[0m	register table success
[GIN-VUE-ADMIN]2021/06/05 - 18:48:04.999	[34minfo[0m	use middleware logger
[GIN-VUE-ADMIN]2021/06/05 - 18:48:04.999	[34minfo[0m	use middleware cors
[GIN-VUE-ADMIN]2021/06/05 - 18:48:05.000	[34minfo[0m	register swagger handler
[GIN-VUE-ADMIN]2021/06/05 - 18:48:05.001	[34minfo[0m	router register success
[GIN-VUE-ADMIN]2021/06/05 - 18:48:05.007	[34minfo[0m	server run success on 	{"address": ":8888"}
[GIN-VUE-ADMIN]2021/06/05 - 18:48:14.012	[34minfo[0m	register table success
[GIN-VUE-ADMIN]2021/06/05 - 18:48:14.015	[34minfo[0m	use middleware logger
[GIN-VUE-ADMIN]2021/06/05 - 18:48:14.015	[34minfo[0m	use middleware cors
[GIN-VUE-ADMIN]2021/06/05 - 18:48:14.015	[34minfo[0m	register swagger handler
[GIN-VUE-ADMIN]2021/06/05 - 18:48:14.017	[34minfo[0m	router register success
[GIN-VUE-ADMIN]2021/06/05 - 18:48:14.017	[34minfo[0m	server run success on 	{"address": ":8888"}
[GIN-VUE-ADMIN]2021/06/05 - 18:48:23.597	[34minfo[0m	register table success
[GIN-VUE-ADMIN]2021/06/05 - 18:48:23.600	[34minfo[0m	use middleware logger
[GIN-VUE-ADMIN]2021/06/05 - 18:48:23.600	[34minfo[0m	use middleware cors
[GIN-VUE-ADMIN]2021/06/05 - 18:48:23.600	[34minfo[0m	register swagger handler
[GIN-VUE-ADMIN]2021/06/05 - 18:48:23.601	[34minfo[0m	router register success
[GIN-VUE-ADMIN]2021/06/05 - 18:48:23.617	[34minfo[0m	server run success on 	{"address": ":8888"}
[GIN-VUE-ADMIN]2021/06/05 - 18:50:16.772	[34minfo[0m	register table success
[GIN-VUE-ADMIN]2021/06/05 - 18:50:16.774	[34minfo[0m	use middleware logger
[GIN-VUE-ADMIN]2021/06/05 - 18:50:16.774	[34minfo[0m	use middleware cors
[GIN-VUE-ADMIN]2021/06/05 - 18:50:16.775	[34minfo[0m	register swagger handler
[GIN-VUE-ADMIN]2021/06/05 - 18:50:16.776	[34minfo[0m	router register success
[GIN-VUE-ADMIN]2021/06/05 - 18:50:16.784	[34minfo[0m	server run success on 	{"address": ":8888"}
[GIN-VUE-ADMIN]2021/06/05 - 18:50:16.827	[31merror[0m	error	{"err": ": unsupported relations"}
[GIN-VUE-ADMIN]2021/06/05 - 18:50:17.644	[31merror[0m	error	{"err": ": unsupported relations"}
[GIN-VUE-ADMIN]2021/06/05 - 18:50:18.274	[31merror[0m	error	{"err": ": unsupported relations"}
[GIN-VUE-ADMIN]2021/06/05 - 18:50:18.684	[31merror[0m	error	{"err": ": unsupported relations"}
[GIN-VUE-ADMIN]2021/06/05 - 18:50:23.438	[31merror[0m	error	{"err": ": unsupported relations"}
[GIN-VUE-ADMIN]2021/06/05 - 18:50:32.231	[34minfo[0m	register table success
[GIN-VUE-ADMIN]2021/06/05 - 18:50:32.235	[34minfo[0m	use middleware logger
[GIN-VUE-ADMIN]2021/06/05 - 18:50:32.235	[34minfo[0m	use middleware cors
[GIN-VUE-ADMIN]2021/06/05 - 18:50:32.235	[34minfo[0m	register swagger handler
[GIN-VUE-ADMIN]2021/06/05 - 18:50:32.237	[34minfo[0m	router register success
[GIN-VUE-ADMIN]2021/06/05 - 18:50:32.240	[34minfo[0m	server run success on 	{"address": ":8888"}
[GIN-VUE-ADMIN]2021/06/05 - 18:54:25.732	[34minfo[0m	register table success
[GIN-VUE-ADMIN]2021/06/05 - 18:54:25.734	[34minfo[0m	use middleware logger
[GIN-VUE-ADMIN]2021/06/05 - 18:54:25.734	[34minfo[0m	use middleware cors
[GIN-VUE-ADMIN]2021/06/05 - 18:54:25.735	[34minfo[0m	register swagger handler
[GIN-VUE-ADMIN]2021/06/05 - 18:54:25.736	[34minfo[0m	router register success
[GIN-VUE-ADMIN]2021/06/05 - 18:54:25.750	[34minfo[0m	server run success on 	{"address": ":8888"}
[GIN-VUE-ADMIN]2021/06/05 - 18:58:47.149	[31merror[0m	register table failed	{"err": "invalid field found for struct gin-vue-admin/model.Exam_paper's field Question, need to define a foreign key for relations or it need to implement the Valuer/Scanner interface"}
[GIN-VUE-ADMIN]2021/06/05 - 18:59:22.733	[31merror[0m	register table failed	{"err": "invalid field found for struct gin-vue-admin/model.Exam_paper's field Question, need to define a foreign key for relations or it need to implement the Valuer/Scanner interface"}
[GIN-VUE-ADMIN]2021/06/05 - 18:59:39.501	[31merror[0m	register table failed	{"err": "invalid field found for struct gin-vue-admin/model.Exam_paper's field Question, need to define a foreign key for relations or it need to implement the Valuer/Scanner interface"}
[GIN-VUE-ADMIN]2021/06/05 - 19:01:04.781	[31merror[0m	register table failed	{"err": "invalid field found for struct gin-vue-admin/model.Exam_paper's field Question, need to define a foreign key for relations or it need to implement the Valuer/Scanner interface"}
[GIN-VUE-ADMIN]2021/06/05 - 19:02:03.358	[34minfo[0m	register table success
[GIN-VUE-ADMIN]2021/06/05 - 19:02:03.361	[34minfo[0m	use middleware logger
[GIN-VUE-ADMIN]2021/06/05 - 19:02:03.361	[34minfo[0m	use middleware cors
[GIN-VUE-ADMIN]2021/06/05 - 19:02:03.362	[34minfo[0m	register swagger handler
[GIN-VUE-ADMIN]2021/06/05 - 19:02:03.364	[34minfo[0m	router register success
[GIN-VUE-ADMIN]2021/06/05 - 19:02:03.374	[34minfo[0m	server run success on 	{"address": ":8888"}
[GIN-VUE-ADMIN]2021/06/05 - 19:02:39.285	[31merror[0m	register table failed	{"err": "invalid field found for struct gin-vue-admin/model.Exam_paper's field Question, need to define a foreign key for relations or it need to implement the Valuer/Scanner interface"}
[GIN-VUE-ADMIN]2021/06/05 - 19:03:55.491	[34minfo[0m	register table success
[GIN-VUE-ADMIN]2021/06/05 - 19:03:55.493	[34minfo[0m	use middleware logger
[GIN-VUE-ADMIN]2021/06/05 - 19:03:55.493	[34minfo[0m	use middleware cors
[GIN-VUE-ADMIN]2021/06/05 - 19:03:55.493	[34minfo[0m	register swagger handler
[GIN-VUE-ADMIN]2021/06/05 - 19:03:55.494	[34minfo[0m	router register success
[GIN-VUE-ADMIN]2021/06/05 - 19:03:55.496	[34minfo[0m	server run success on 	{"address": ":8888"}
[GIN-VUE-ADMIN]2021/06/05 - 19:06:11.081	[34minfo[0m	register table success
[GIN-VUE-ADMIN]2021/06/05 - 19:06:11.084	[34minfo[0m	use middleware logger
[GIN-VUE-ADMIN]2021/06/05 - 19:06:11.084	[34minfo[0m	use middleware cors
[GIN-VUE-ADMIN]2021/06/05 - 19:06:11.084	[34minfo[0m	register swagger handler
[GIN-VUE-ADMIN]2021/06/05 - 19:06:11.086	[34minfo[0m	router register success
[GIN-VUE-ADMIN]2021/06/05 - 19:06:11.089	[34minfo[0m	server run success on 	{"address": ":8888"}
[GIN-VUE-ADMIN]2021/06/05 - 19:08:11.516	[34minfo[0m	register table success
[GIN-VUE-ADMIN]2021/06/05 - 19:08:11.519	[34minfo[0m	use middleware logger
[GIN-VUE-ADMIN]2021/06/05 - 19:08:11.519	[34minfo[0m	use middleware cors
[GIN-VUE-ADMIN]2021/06/05 - 19:08:11.519	[34minfo[0m	register swagger handler
[GIN-VUE-ADMIN]2021/06/05 - 19:08:11.520	[34minfo[0m	router register success
[GIN-VUE-ADMIN]2021/06/05 - 19:08:11.526	[34minfo[0m	server run success on 	{"address": ":8888"}
[GIN-VUE-ADMIN]2021/06/05 - 19:31:44.441	[31merror[0m	register table failed	{"err": "invalid field found for struct gin-vue-admin/model.Exam_paper's field Question, need to define a foreign key for relations or it need to implement the Valuer/Scanner interface"}
[GIN-VUE-ADMIN]2021/06/05 - 19:32:07.754	[31merror[0m	register table failed	{"err": "invalid field found for struct gin-vue-admin/model.Exam_paper's field Question, need to define a foreign key for relations or it need to implement the Valuer/Scanner interface"}
[GIN-VUE-ADMIN]2021/06/05 - 19:33:03.840	[34minfo[0m	register table success
[GIN-VUE-ADMIN]2021/06/05 - 19:33:03.844	[34minfo[0m	use middleware logger
[GIN-VUE-ADMIN]2021/06/05 - 19:33:03.844	[34minfo[0m	use middleware cors
[GIN-VUE-ADMIN]2021/06/05 - 19:33:03.844	[34minfo[0m	register swagger handler
[GIN-VUE-ADMIN]2021/06/05 - 19:33:03.846	[34minfo[0m	router register success
[GIN-VUE-ADMIN]2021/06/05 - 19:33:03.847	[34minfo[0m	server run success on 	{"address": ":8888"}
[GIN-VUE-ADMIN]2021/06/05 - 19:38:10.509	[34minfo[0m	register table success
[GIN-VUE-ADMIN]2021/06/05 - 19:38:10.511	[34minfo[0m	use middleware logger
[GIN-VUE-ADMIN]2021/06/05 - 19:38:10.511	[34minfo[0m	use middleware cors
[GIN-VUE-ADMIN]2021/06/05 - 19:38:10.512	[34minfo[0m	register swagger handler
[GIN-VUE-ADMIN]2021/06/05 - 19:38:10.513	[34minfo[0m	router register success
[GIN-VUE-ADMIN]2021/06/05 - 19:38:10.513	[34minfo[0m	server run success on 	{"address": ":8888"}
[GIN-VUE-ADMIN]2021/06/05 - 19:39:54.320	[34minfo[0m	register table success
[GIN-VUE-ADMIN]2021/06/05 - 19:39:54.322	[34minfo[0m	use middleware logger
[GIN-VUE-ADMIN]2021/06/05 - 19:39:54.322	[34minfo[0m	use middleware cors
[GIN-VUE-ADMIN]2021/06/05 - 19:39:54.323	[34minfo[0m	register swagger handler
[GIN-VUE-ADMIN]2021/06/05 - 19:39:54.323	[34minfo[0m	router register success
[GIN-VUE-ADMIN]2021/06/05 - 19:39:54.324	[34minfo[0m	server run success on 	{"address": ":8888"}
[GIN-VUE-ADMIN]2021/06/05 - 19:40:01.461	[31merror[0m	error	{"err": "Question_options: unsupported relations"}
[GIN-VUE-ADMIN]2021/06/05 - 19:40:07.322	[31merror[0m	error	{"err": "Question_options: unsupported relations"}
[GIN-VUE-ADMIN]2021/06/05 - 19:40:08.473	[31merror[0m	error	{"err": "Question_options: unsupported relations"}
[GIN-VUE-ADMIN]2021/06/05 - 19:42:43.640	[34minfo[0m	register table success
[GIN-VUE-ADMIN]2021/06/05 - 19:42:43.644	[34minfo[0m	use middleware logger
[GIN-VUE-ADMIN]2021/06/05 - 19:42:43.644	[34minfo[0m	use middleware cors
[GIN-VUE-ADMIN]2021/06/05 - 19:42:43.644	[34minfo[0m	register swagger handler
[GIN-VUE-ADMIN]2021/06/05 - 19:42:43.647	[34minfo[0m	router register success
[GIN-VUE-ADMIN]2021/06/05 - 19:42:43.658	[34minfo[0m	server run success on 	{"address": ":8888"}
[GIN-VUE-ADMIN]2021/06/05 - 19:48:47.595	[34minfo[0m	register table success
[GIN-VUE-ADMIN]2021/06/05 - 19:48:47.600	[34minfo[0m	use middleware logger
[GIN-VUE-ADMIN]2021/06/05 - 19:48:47.600	[34minfo[0m	use middleware cors
[GIN-VUE-ADMIN]2021/06/05 - 19:48:47.600	[34minfo[0m	register swagger handler
[GIN-VUE-ADMIN]2021/06/05 - 19:48:47.603	[34minfo[0m	router register success
[GIN-VUE-ADMIN]2021/06/05 - 19:48:47.604	[34minfo[0m	server run success on 	{"address": ":8888"}
[GIN-VUE-ADMIN]2021/06/05 - 19:58:07.899	[34minfo[0m	register table success
[GIN-VUE-ADMIN]2021/06/05 - 19:58:07.901	[34minfo[0m	use middleware logger
[GIN-VUE-ADMIN]2021/06/05 - 19:58:07.901	[34minfo[0m	use middleware cors
[GIN-VUE-ADMIN]2021/06/05 - 19:58:07.901	[34minfo[0m	register swagger handler
[GIN-VUE-ADMIN]2021/06/05 - 19:58:07.902	[34minfo[0m	router register success
[GIN-VUE-ADMIN]2021/06/05 - 19:58:07.907	[34minfo[0m	server run success on 	{"address": ":8888"}
[GIN-VUE-ADMIN]2021/06/05 - 19:58:49.242	[34minfo[0m	register table success
[GIN-VUE-ADMIN]2021/06/05 - 19:58:49.245	[34minfo[0m	use middleware logger
[GIN-VUE-ADMIN]2021/06/05 - 19:58:49.245	[34minfo[0m	use middleware cors
[GIN-VUE-ADMIN]2021/06/05 - 19:58:49.245	[34minfo[0m	register swagger handler
[GIN-VUE-ADMIN]2021/06/05 - 19:58:49.246	[34minfo[0m	router register success
[GIN-VUE-ADMIN]2021/06/05 - 19:58:49.251	[34minfo[0m	server run success on 	{"address": ":8888"}
[GIN-VUE-ADMIN]2021/06/05 - 20:01:51.308	[34minfo[0m	register table success
[GIN-VUE-ADMIN]2021/06/05 - 20:01:51.310	[34minfo[0m	use middleware logger
[GIN-VUE-ADMIN]2021/06/05 - 20:01:51.310	[34minfo[0m	use middleware cors
[GIN-VUE-ADMIN]2021/06/05 - 20:01:51.310	[34minfo[0m	register swagger handler
[GIN-VUE-ADMIN]2021/06/05 - 20:01:51.311	[34minfo[0m	router register success
[GIN-VUE-ADMIN]2021/06/05 - 20:01:51.321	[34minfo[0m	server run success on 	{"address": ":8888"}
[GIN-VUE-ADMIN]2021/06/05 - 20:08:06.507	[34minfo[0m	register table success
[GIN-VUE-ADMIN]2021/06/05 - 20:08:06.509	[34minfo[0m	use middleware logger
[GIN-VUE-ADMIN]2021/06/05 - 20:08:06.509	[34minfo[0m	use middleware cors
[GIN-VUE-ADMIN]2021/06/05 - 20:08:06.510	[34minfo[0m	register swagger handler
[GIN-VUE-ADMIN]2021/06/05 - 20:08:06.510	[34minfo[0m	router register success
[GIN-VUE-ADMIN]2021/06/05 - 20:08:06.526	[34minfo[0m	server run success on 	{"address": ":8888"}
[GIN-VUE-ADMIN]2021/06/05 - 20:09:10.540	[34minfo[0m	register table success
[GIN-VUE-ADMIN]2021/06/05 - 20:09:10.543	[34minfo[0m	use middleware logger
[GIN-VUE-ADMIN]2021/06/05 - 20:09:10.543	[34minfo[0m	use middleware cors
[GIN-VUE-ADMIN]2021/06/05 - 20:09:10.543	[34minfo[0m	register swagger handler
[GIN-VUE-ADMIN]2021/06/05 - 20:09:10.545	[34minfo[0m	router register success
[GIN-VUE-ADMIN]2021/06/05 - 20:09:10.547	[34minfo[0m	server run success on 	{"address": ":8888"}
[GIN-VUE-ADMIN]2021/06/05 - 20:22:15.824	[34minfo[0m	register table success
[GIN-VUE-ADMIN]2021/06/05 - 20:22:15.827	[34minfo[0m	use middleware logger
[GIN-VUE-ADMIN]2021/06/05 - 20:22:15.827	[34minfo[0m	use middleware cors
[GIN-VUE-ADMIN]2021/06/05 - 20:22:15.828	[34minfo[0m	register swagger handler
[GIN-VUE-ADMIN]2021/06/05 - 20:22:15.829	[34minfo[0m	router register success
[GIN-VUE-ADMIN]2021/06/05 - 20:22:15.840	[34minfo[0m	server run success on 	{"address": ":8888"}
[GIN-VUE-ADMIN]2021/06/05 - 20:49:13.390	[34minfo[0m	register table success
[GIN-VUE-ADMIN]2021/06/05 - 20:49:13.393	[34minfo[0m	use middleware logger
[GIN-VUE-ADMIN]2021/06/05 - 20:49:13.393	[34minfo[0m	use middleware cors
[GIN-VUE-ADMIN]2021/06/05 - 20:49:13.393	[34minfo[0m	register swagger handler
[GIN-VUE-ADMIN]2021/06/05 - 20:49:13.395	[34minfo[0m	router register success
[GIN-VUE-ADMIN]2021/06/05 - 20:49:13.399	[34minfo[0m	server run success on 	{"address": ":8888"}
[GIN-VUE-ADMIN]2021/06/05 - 20:50:02.690	[34minfo[0m	register table success
[GIN-VUE-ADMIN]2021/06/05 - 20:50:02.693	[34minfo[0m	use middleware logger
[GIN-VUE-ADMIN]2021/06/05 - 20:50:02.693	[34minfo[0m	use middleware cors
[GIN-VUE-ADMIN]2021/06/05 - 20:50:02.694	[34minfo[0m	register swagger handler
[GIN-VUE-ADMIN]2021/06/05 - 20:50:02.694	[34minfo[0m	router register success
[GIN-VUE-ADMIN]2021/06/05 - 20:50:02.695	[34minfo[0m	server run success on 	{"address": ":8888"}
[GIN-VUE-ADMIN]2021/06/05 - 20:55:11.006	[34minfo[0m	register table success
[GIN-VUE-ADMIN]2021/06/05 - 20:55:11.012	[34minfo[0m	use middleware logger
[GIN-VUE-ADMIN]2021/06/05 - 20:55:11.012	[34minfo[0m	use middleware cors
[GIN-VUE-ADMIN]2021/06/05 - 20:55:11.013	[34minfo[0m	register swagger handler
[GIN-VUE-ADMIN]2021/06/05 - 20:55:11.017	[34minfo[0m	router register success
[GIN-VUE-ADMIN]2021/06/05 - 20:55:11.018	[34minfo[0m	server run success on 	{"address": ":8888"}
[GIN-VUE-ADMIN]2021/06/05 - 20:55:39.310	[34minfo[0m	register table success
[GIN-VUE-ADMIN]2021/06/05 - 20:55:39.314	[34minfo[0m	use middleware logger
[GIN-VUE-ADMIN]2021/06/05 - 20:55:39.314	[34minfo[0m	use middleware cors
[GIN-VUE-ADMIN]2021/06/05 - 20:55:39.314	[34minfo[0m	register swagger handler
[GIN-VUE-ADMIN]2021/06/05 - 20:55:39.316	[34minfo[0m	router register success
[GIN-VUE-ADMIN]2021/06/05 - 20:55:39.320	[34minfo[0m	server run success on 	{"address": ":8888"}
[GIN-VUE-ADMIN]2021/06/05 - 20:56:41.409	[34minfo[0m	register table success
[GIN-VUE-ADMIN]2021/06/05 - 20:56:41.412	[34minfo[0m	use middleware logger
[GIN-VUE-ADMIN]2021/06/05 - 20:56:41.413	[34minfo[0m	use middleware cors
[GIN-VUE-ADMIN]2021/06/05 - 20:56:41.413	[34minfo[0m	register swagger handler
[GIN-VUE-ADMIN]2021/06/05 - 20:56:41.414	[34minfo[0m	router register success
[GIN-VUE-ADMIN]2021/06/05 - 20:56:41.419	[34minfo[0m	server run success on 	{"address": ":8888"}
[GIN-VUE-ADMIN]2021/06/05 - 20:59:02.500	[34minfo[0m	register table success
[GIN-VUE-ADMIN]2021/06/05 - 20:59:02.504	[34minfo[0m	use middleware logger
[GIN-VUE-ADMIN]2021/06/05 - 20:59:02.504	[34minfo[0m	use middleware cors
[GIN-VUE-ADMIN]2021/06/05 - 20:59:02.504	[34minfo[0m	register swagger handler
[GIN-VUE-ADMIN]2021/06/05 - 20:59:02.505	[34minfo[0m	router register success
[GIN-VUE-ADMIN]2021/06/05 - 20:59:02.505	[34minfo[0m	server run success on 	{"address": ":8888"}
