[GIN-VUE-ADMIN]2021/05/24 - 14:18:20.507	[34minfo[0m	register table success
[GIN-VUE-ADMIN]2021/05/24 - 14:18:20.512	[34minfo[0m	use middleware logger
[GIN-VUE-ADMIN]2021/05/24 - 14:18:20.512	[34minfo[0m	use middleware cors
[GIN-VUE-ADMIN]2021/05/24 - 14:18:20.513	[34minfo[0m	register swagger handler
[GIN-VUE-ADMIN]2021/05/24 - 14:18:20.516	[34minfo[0m	router register success
[GIN-VUE-ADMIN]2021/05/24 - 14:18:20.517	[34minfo[0m	server run success on 	{"address": ":8888"}
[GIN-VUE-ADMIN]2021/05/24 - 14:24:40.569	[34minfo[0m	æ•°æ®åº“æ— éœ€åˆå§‹åŒ–
[GIN-VUE-ADMIN]2021/05/24 - 14:24:42.358	[34minfo[0m	æ•°æ®åº“æ— éœ€åˆå§‹åŒ–
[GIN-VUE-ADMIN]2021/05/24 - 15:01:17.058	[34minfo[0m	æ•°æ®åº“æ— éœ€åˆå§‹åŒ–
[GIN-VUE-ADMIN]2021/05/24 - 15:01:17.935	[34minfo[0m	æ•°æ®åº“æ— éœ€åˆå§‹åŒ–
[GIN-VUE-ADMIN]2021/05/24 - 15:05:03.042	[34minfo[0m	register table success
[GIN-VUE-ADMIN]2021/05/24 - 15:05:03.044	[34minfo[0m	use middleware logger
[GIN-VUE-ADMIN]2021/05/24 - 15:05:03.044	[34minfo[0m	use middleware cors
[GIN-VUE-ADMIN]2021/05/24 - 15:05:03.044	[34minfo[0m	register swagger handler
[GIN-VUE-ADMIN]2021/05/24 - 15:10:25.252	[34minfo[0m	register table success
[GIN-VUE-ADMIN]2021/05/24 - 15:10:25.265	[34minfo[0m	use middleware logger
[GIN-VUE-ADMIN]2021/05/24 - 15:10:25.265	[34minfo[0m	use middleware cors
[GIN-VUE-ADMIN]2021/05/24 - 15:10:25.266	[34minfo[0m	register swagger handler
[GIN-VUE-ADMIN]2021/05/24 - 15:11:49.265	[34minfo[0m	register table success
[GIN-VUE-ADMIN]2021/05/24 - 15:11:49.267	[34minfo[0m	use middleware logger
[GIN-VUE-ADMIN]2021/05/24 - 15:11:49.268	[34minfo[0m	use middleware cors
[GIN-VUE-ADMIN]2021/05/24 - 15:11:49.268	[34minfo[0m	register swagger handler
[GIN-VUE-ADMIN]2021/05/24 - 15:11:49.269	[34minfo[0m	router register success
[GIN-VUE-ADMIN]2021/05/24 - 15:11:49.282	[34minfo[0m	server run success on 	{"address": ":8888"}
[GIN-VUE-ADMIN]2021/05/24 - 15:25:44.273	[34minfo[0m	æ•°æ®åº“æ— éœ€åˆå§‹åŒ–
[GIN-VUE-ADMIN]2021/05/24 - 15:33:26.754	[34minfo[0m	æ•°æ®åº“æ— éœ€åˆå§‹åŒ–
[GIN-VUE-ADMIN]2021/05/24 - 15:33:59.596	[34minfo[0m	æ•°æ®åº“æ— éœ€åˆå§‹åŒ–
[GIN-VUE-ADMIN]2021/05/24 - 15:35:03.335	[34minfo[0m	æ•°æ®åº“æ— éœ€åˆå§‹åŒ–
[GIN-VUE-ADMIN]2021/05/24 - 15:36:09.781	[34minfo[0m	æ•°æ®åº“æ— éœ€åˆå§‹åŒ–
[GIN-VUE-ADMIN]2021/05/24 - 15:38:52.485	[34minfo[0m	æ•°æ®åº“æ— éœ€åˆå§‹åŒ–
[GIN-VUE-ADMIN]2021/05/24 - 15:50:31.753	[34minfo[0m	æ•°æ®åº“æ— éœ€åˆå§‹åŒ–
[GIN-VUE-ADMIN]2021/05/24 - 15:55:21.848	[34minfo[0m	æ•°æ®åº“æ— éœ€åˆå§‹åŒ–
[GIN-VUE-ADMIN]2021/05/24 - 15:57:42.629	[34minfo[0m	æ•°æ®åº“æ— éœ€åˆå§‹åŒ–
[GIN-VUE-ADMIN]2021/05/24 - 15:57:43.707	[34minfo[0m	æ•°æ®åº“æ— éœ€åˆå§‹åŒ–
[GIN-VUE-ADMIN]2021/05/24 - 15:58:46.879	[34minfo[0m	æ•°æ®åº“æ— éœ€åˆå§‹åŒ–
[GIN-VUE-ADMIN]2021/05/24 - 15:58:47.896	[34minfo[0m	æ•°æ®åº“æ— éœ€åˆå§‹åŒ–
[GIN-VUE-ADMIN]2021/05/24 - 16:06:02.657	[34minfo[0m	æ•°æ®åº“æ— éœ€åˆå§‹åŒ–
[GIN-VUE-ADMIN]2021/05/24 - 16:10:57.633	[34minfo[0m	æ•°æ®åº“æ— éœ€åˆå§‹åŒ–
[GIN-VUE-ADMIN]2021/05/24 - 16:19:52.562	[34minfo[0m	æ•°æ®åº“æ— éœ€åˆå§‹åŒ–
[GIN-VUE-ADMIN]2021/05/24 - 16:34:12.716	[34minfo[0m	æ•°æ®åº“æ— éœ€åˆå§‹åŒ–
[GIN-VUE-ADMIN]2021/05/24 - 16:34:13.350	[34minfo[0m	æ•°æ®åº“æ— éœ€åˆå§‹åŒ–
[GIN-VUE-ADMIN]2021/05/24 - 16:39:19.463	[34minfo[0m	æ•°æ®åº“æ— éœ€åˆå§‹åŒ–
[GIN-VUE-ADMIN]2021/05/24 - 16:40:53.792	[34minfo[0m	æ•°æ®åº“æ— éœ€åˆå§‹åŒ–
[GIN-VUE-ADMIN]2021/05/24 - 16:41:52.778	[34minfo[0m	æ•°æ®åº“æ— éœ€åˆå§‹åŒ–
[GIN-VUE-ADMIN]2021/05/24 - 16:43:00.274	[34minfo[0m	æ•°æ®åº“æ— éœ€åˆå§‹åŒ–
[GIN-VUE-ADMIN]2021/05/24 - 16:43:03.614	[34minfo[0m	æ•°æ®åº“æ— éœ€åˆå§‹åŒ–
[GIN-VUE-ADMIN]2021/05/24 - 16:43:21.419	[34minfo[0m	æ•°æ®åº“æ— éœ€åˆå§‹åŒ–
[GIN-VUE-ADMIN]2021/05/24 - 16:49:21.790	[34minfo[0m	æ•°æ®åº“æ— éœ€åˆå§‹åŒ–
[GIN-VUE-ADMIN]2021/05/24 - 16:54:55.805	[34minfo[0m	æ•°æ®åº“æ— éœ€åˆå§‹åŒ–
[GIN-VUE-ADMIN]2021/05/24 - 16:56:27.849	[34minfo[0m	æ•°æ®åº“æ— éœ€åˆå§‹åŒ–
[GIN-VUE-ADMIN]2021/05/24 - 16:57:04.033	[34minfo[0m	æ•°æ®åº“æ— éœ€åˆå§‹åŒ–
[GIN-VUE-ADMIN]2021/05/24 - 16:57:25.882	[34minfo[0m	æ•°æ®åº“æ— éœ€åˆå§‹åŒ–
[GIN-VUE-ADMIN]2021/05/24 - 17:00:40.574	[34minfo[0m	æ•°æ®åº“æ— éœ€åˆå§‹åŒ–
[GIN-VUE-ADMIN]2021/05/24 - 17:07:38.684	[34minfo[0m	æ•°æ®åº“æ— éœ€åˆå§‹åŒ–
[GIN-VUE-ADMIN]2021/05/24 - 17:08:24.224	[34minfo[0m	æ•°æ®åº“æ— éœ€åˆå§‹åŒ–
[GIN-VUE-ADMIN]2021/05/24 - 17:14:03.844	[34minfo[0m	æ•°æ®åº“æ— éœ€åˆå§‹åŒ–
[GIN-VUE-ADMIN]2021/05/24 - 17:14:16.106	[34minfo[0m	æ•°æ®åº“æ— éœ€åˆå§‹åŒ–
[GIN-VUE-ADMIN]2021/05/24 - 17:15:28.173	[34minfo[0m	æ•°æ®åº“æ— éœ€åˆå§‹åŒ–
[GIN-VUE-ADMIN]2021/05/24 - 17:30:24.500	[34minfo[0m	æ•°æ®åº“æ— éœ€åˆå§‹åŒ–
[GIN-VUE-ADMIN]2021/05/24 - 17:34:49.171	[34minfo[0m	æ•°æ®åº“æ— éœ€åˆå§‹åŒ–
[GIN-VUE-ADMIN]2021/05/24 - 17:38:58.083	[34minfo[0m	æ•°æ®åº“æ— éœ€åˆå§‹åŒ–
[GIN-VUE-ADMIN]2021/05/24 - 17:39:12.691	[34minfo[0m	æ•°æ®åº“æ— éœ€åˆå§‹åŒ–
[GIN-VUE-ADMIN]2021/05/24 - 17:39:28.442	[34minfo[0m	æ•°æ®åº“æ— éœ€åˆå§‹åŒ–
[GIN-VUE-ADMIN]2021/05/24 - 17:42:29.333	[34minfo[0m	æ•°æ®åº“æ— éœ€åˆå§‹åŒ–
[GIN-VUE-ADMIN]2021/05/24 - 17:42:45.101	[34minfo[0m	æ•°æ®åº“æ— éœ€åˆå§‹åŒ–
[GIN-VUE-ADMIN]2021/05/24 - 17:43:23.135	[34minfo[0m	æ•°æ®åº“æ— éœ€åˆå§‹åŒ–
[GIN-VUE-ADMIN]2021/05/24 - 17:43:45.369	[34minfo[0m	æ•°æ®åº“æ— éœ€åˆå§‹åŒ–
[GIN-VUE-ADMIN]2021/05/24 - 17:45:39.724	[34minfo[0m	æ•°æ®åº“æ— éœ€åˆå§‹åŒ–
[GIN-VUE-ADMIN]2021/05/24 - 17:49:02.313	[34minfo[0m	register table success
[GIN-VUE-ADMIN]2021/05/24 - 17:49:02.316	[34minfo[0m	use middleware logger
[GIN-VUE-ADMIN]2021/05/24 - 17:49:02.316	[34minfo[0m	use middleware cors
[GIN-VUE-ADMIN]2021/05/24 - 17:49:02.316	[34minfo[0m	register swagger handler
[GIN-VUE-ADMIN]2021/05/24 - 17:49:02.317	[34minfo[0m	router register success
[GIN-VUE-ADMIN]2021/05/24 - 17:49:02.323	[34minfo[0m	server run success on 	{"address": ":8888"}
[GIN-VUE-ADMIN]2021/05/24 - 17:49:07.956	[34minfo[0m	æ•°æ®åº“æ— éœ€åˆå§‹åŒ–
[GIN-VUE-ADMIN]2021/05/24 - 17:54:55.365	[34minfo[0m	register table success
[GIN-VUE-ADMIN]2021/05/24 - 17:54:55.368	[34minfo[0m	use middleware logger
[GIN-VUE-ADMIN]2021/05/24 - 17:54:55.368	[34minfo[0m	use middleware cors
[GIN-VUE-ADMIN]2021/05/24 - 17:54:55.369	[34minfo[0m	register swagger handler
[GIN-VUE-ADMIN]2021/05/24 - 17:54:55.370	[34minfo[0m	router register success
[GIN-VUE-ADMIN]2021/05/24 - 17:54:55.380	[34minfo[0m	server run success on 	{"address": ":8888"}
[GIN-VUE-ADMIN]2021/05/24 - 17:54:57.143	[34minfo[0m	æ•°æ®åº“æ— éœ€åˆå§‹åŒ–
[GIN-VUE-ADMIN]2021/05/24 - 17:56:09.306	[34minfo[0m	register table success
[GIN-VUE-ADMIN]2021/05/24 - 17:56:09.308	[34minfo[0m	use middleware logger
[GIN-VUE-ADMIN]2021/05/24 - 17:56:09.308	[34minfo[0m	use middleware cors
[GIN-VUE-ADMIN]2021/05/24 - 17:56:09.308	[34minfo[0m	register swagger handler
[GIN-VUE-ADMIN]2021/05/24 - 17:56:09.309	[34minfo[0m	router register success
[GIN-VUE-ADMIN]2021/05/24 - 17:56:09.313	[34minfo[0m	server run success on 	{"address": ":8888"}
[GIN-VUE-ADMIN]2021/05/24 - 18:02:01.266	[34minfo[0m	register table success
[GIN-VUE-ADMIN]2021/05/24 - 18:02:01.269	[34minfo[0m	use middleware logger
[GIN-VUE-ADMIN]2021/05/24 - 18:02:01.269	[34minfo[0m	use middleware cors
[GIN-VUE-ADMIN]2021/05/24 - 18:02:01.270	[34minfo[0m	register swagger handler
[GIN-VUE-ADMIN]2021/05/24 - 18:02:01.270	[34minfo[0m	router register success
[GIN-VUE-ADMIN]2021/05/24 - 18:02:01.274	[34minfo[0m	server run success on 	{"address": ":8888"}
[GIN-VUE-ADMIN]2021/05/24 - 18:02:09.653	[34minfo[0m	æ•°æ®åº“æ— éœ€åˆå§‹åŒ–
[GIN-VUE-ADMIN]2021/05/24 - 18:03:04.751	[34minfo[0m	æ•°æ®åº“æ— éœ€åˆå§‹åŒ–
[GIN-VUE-ADMIN]2021/05/24 - 18:04:44.964	[34minfo[0m	register table success
[GIN-VUE-ADMIN]2021/05/24 - 18:04:44.968	[34minfo[0m	use middleware logger
[GIN-VUE-ADMIN]2021/05/24 - 18:04:44.968	[34minfo[0m	use middleware cors
[GIN-VUE-ADMIN]2021/05/24 - 18:04:44.968	[34minfo[0m	register swagger handler
[GIN-VUE-ADMIN]2021/05/24 - 18:04:44.969	[34minfo[0m	router register success
[GIN-VUE-ADMIN]2021/05/24 - 18:04:44.981	[34minfo[0m	server run success on 	{"address": ":8888"}
[GIN-VUE-ADMIN]2021/05/24 - 18:14:23.036	[34minfo[0m	register table success
[GIN-VUE-ADMIN]2021/05/24 - 18:14:23.038	[34minfo[0m	use middleware logger
[GIN-VUE-ADMIN]2021/05/24 - 18:14:23.038	[34minfo[0m	use middleware cors
[GIN-VUE-ADMIN]2021/05/24 - 18:14:23.039	[34minfo[0m	register swagger handler
[GIN-VUE-ADMIN]2021/05/24 - 18:14:23.040	[34minfo[0m	router register success
[GIN-VUE-ADMIN]2021/05/24 - 18:14:23.054	[34minfo[0m	server run success on 	{"address": ":8888"}
[GIN-VUE-ADMIN]2021/05/24 - 18:15:09.233	[34minfo[0m	æ•°æ®åº“æ— éœ€åˆå§‹åŒ–
[GIN-VUE-ADMIN]2021/05/24 - 18:17:46.846	[34minfo[0m	æ•°æ®åº“æ— éœ€åˆå§‹åŒ–
[GIN-VUE-ADMIN]2021/05/24 - 18:18:39.032	[34minfo[0m	æ•°æ®åº“æ— éœ€åˆå§‹åŒ–
[GIN-VUE-ADMIN]2021/05/24 - 18:22:26.856	[34minfo[0m	register table success
[GIN-VUE-ADMIN]2021/05/24 - 18:22:26.859	[34minfo[0m	use middleware logger
[GIN-VUE-ADMIN]2021/05/24 - 18:22:26.859	[34minfo[0m	use middleware cors
[GIN-VUE-ADMIN]2021/05/24 - 18:22:26.859	[34minfo[0m	register swagger handler
[GIN-VUE-ADMIN]2021/05/24 - 18:22:26.860	[34minfo[0m	router register success
[GIN-VUE-ADMIN]2021/05/24 - 18:22:26.866	[34minfo[0m	server run success on 	{"address": ":8888"}
[GIN-VUE-ADMIN]2021/05/24 - 18:24:40.565	[34minfo[0m	æ•°æ®åº“æ— éœ€åˆå§‹åŒ–
[GIN-VUE-ADMIN]2021/05/24 - 18:25:27.742	[34minfo[0m	register table success
[GIN-VUE-ADMIN]2021/05/24 - 18:25:27.749	[34minfo[0m	use middleware logger
[GIN-VUE-ADMIN]2021/05/24 - 18:25:27.749	[34minfo[0m	use middleware cors
[GIN-VUE-ADMIN]2021/05/24 - 18:25:27.750	[34minfo[0m	register swagger handler
[GIN-VUE-ADMIN]2021/05/24 - 18:25:27.750	[34minfo[0m	router register success
[GIN-VUE-ADMIN]2021/05/24 - 18:25:27.753	[34minfo[0m	server run success on 	{"address": ":8888"}
[GIN-VUE-ADMIN]2021/05/24 - 18:25:38.900	[34minfo[0m	æ•°æ®åº“æ— éœ€åˆå§‹åŒ–
[GIN-VUE-ADMIN]2021/05/24 - 18:28:31.373	[34minfo[0m	æ•°æ®åº“æ— éœ€åˆå§‹åŒ–
[GIN-VUE-ADMIN]2021/05/24 - 18:28:51.544	[34minfo[0m	æ•°æ®åº“æ— éœ€åˆå§‹åŒ–
[GIN-VUE-ADMIN]2021/05/24 - 18:30:51.070	[34minfo[0m	æ•°æ®åº“æ— éœ€åˆå§‹åŒ–
[GIN-VUE-ADMIN]2021/05/24 - 18:32:55.586	[34minfo[0m	register table success
[GIN-VUE-ADMIN]2021/05/24 - 18:32:55.588	[34minfo[0m	use middleware logger
[GIN-VUE-ADMIN]2021/05/24 - 18:32:55.588	[34minfo[0m	use middleware cors
[GIN-VUE-ADMIN]2021/05/24 - 18:32:55.589	[34minfo[0m	register swagger handler
[GIN-VUE-ADMIN]2021/05/24 - 18:32:55.590	[34minfo[0m	router register success
[GIN-VUE-ADMIN]2021/05/24 - 18:32:55.604	[34minfo[0m	server run success on 	{"address": ":8888"}
[GIN-VUE-ADMIN]2021/05/24 - 18:33:13.509	[34minfo[0m	æ•°æ®åº“æ— éœ€åˆå§‹åŒ–
[GIN-VUE-ADMIN]2021/05/24 - 18:37:21.895	[34minfo[0m	æ•°æ®åº“æ— éœ€åˆå§‹åŒ–
[GIN-VUE-ADMIN]2021/05/24 - 18:39:43.551	[34minfo[0m	æ•°æ®åº“æ— éœ€åˆå§‹åŒ–
[GIN-VUE-ADMIN]2021/05/24 - 18:43:51.646	[34minfo[0m	register table success
[GIN-VUE-ADMIN]2021/05/24 - 18:43:51.648	[34minfo[0m	use middleware logger
[GIN-VUE-ADMIN]2021/05/24 - 18:43:51.648	[34minfo[0m	use middleware cors
[GIN-VUE-ADMIN]2021/05/24 - 18:43:51.649	[34minfo[0m	register swagger handler
[GIN-VUE-ADMIN]2021/05/24 - 18:43:51.649	[34minfo[0m	router register success
[GIN-VUE-ADMIN]2021/05/24 - 18:43:51.654	[34minfo[0m	server run success on 	{"address": ":8888"}
[GIN-VUE-ADMIN]2021/05/24 - 18:44:13.696	[34minfo[0m	æ•°æ®åº“æ— éœ€åˆå§‹åŒ–
[GIN-VUE-ADMIN]2021/05/24 - 18:47:14.507	[34minfo[0m	register table success
[GIN-VUE-ADMIN]2021/05/24 - 18:47:14.513	[34minfo[0m	use middleware logger
[GIN-VUE-ADMIN]2021/05/24 - 18:47:14.513	[34minfo[0m	use middleware cors
[GIN-VUE-ADMIN]2021/05/24 - 18:47:14.513	[34minfo[0m	register swagger handler
[GIN-VUE-ADMIN]2021/05/24 - 18:47:14.518	[34minfo[0m	router register success
[GIN-VUE-ADMIN]2021/05/24 - 18:47:14.519	[34minfo[0m	server run success on 	{"address": ":8888"}
[GIN-VUE-ADMIN]2021/05/24 - 18:47:21.617	[34minfo[0m	æ•°æ®åº“æ— éœ€åˆå§‹åŒ–
[GIN-VUE-ADMIN]2021/05/24 - 18:57:02.781	[34minfo[0m	register table success
[GIN-VUE-ADMIN]2021/05/24 - 18:57:02.784	[34minfo[0m	use middleware logger
[GIN-VUE-ADMIN]2021/05/24 - 18:57:02.784	[34minfo[0m	use middleware cors
[GIN-VUE-ADMIN]2021/05/24 - 18:57:02.784	[34minfo[0m	register swagger handler
[GIN-VUE-ADMIN]2021/05/24 - 18:57:02.785	[34minfo[0m	router register success
[GIN-VUE-ADMIN]2021/05/24 - 18:57:02.793	[34minfo[0m	server run success on 	{"address": ":8888"}
[GIN-VUE-ADMIN]2021/05/24 - 18:58:04.637	[34minfo[0m	æ•°æ®åº“æ— éœ€åˆå§‹åŒ–
[GIN-VUE-ADMIN]2021/05/24 - 19:01:57.878	[34minfo[0m	register table success
[GIN-VUE-ADMIN]2021/05/24 - 19:01:57.882	[34minfo[0m	use middleware logger
[GIN-VUE-ADMIN]2021/05/24 - 19:01:57.882	[34minfo[0m	use middleware cors
[GIN-VUE-ADMIN]2021/05/24 - 19:01:57.882	[34minfo[0m	register swagger handler
[GIN-VUE-ADMIN]2021/05/24 - 19:01:57.884	[34minfo[0m	router register success
[GIN-VUE-ADMIN]2021/05/24 - 19:01:57.897	[34minfo[0m	server run success on 	{"address": ":8888"}
[GIN-VUE-ADMIN]2021/05/24 - 19:27:29.834	[34minfo[0m	æ•°æ®åº“æ— éœ€åˆå§‹åŒ–
[GIN-VUE-ADMIN]2021/05/24 - 19:27:49.626	[34minfo[0m	æ•°æ®åº“æ— éœ€åˆå§‹åŒ–
[GIN-VUE-ADMIN]2021/05/24 - 19:28:44.295	[34minfo[0m	æ•°æ®åº“æ— éœ€åˆå§‹åŒ–
[GIN-VUE-ADMIN]2021/05/24 - 19:29:59.828	[34minfo[0m	register table success
[GIN-VUE-ADMIN]2021/05/24 - 19:29:59.832	[34minfo[0m	use middleware logger
[GIN-VUE-ADMIN]2021/05/24 - 19:29:59.832	[34minfo[0m	use middleware cors
[GIN-VUE-ADMIN]2021/05/24 - 19:29:59.832	[34minfo[0m	register swagger handler
[GIN-VUE-ADMIN]2021/05/24 - 19:29:59.833	[34minfo[0m	router register success
[GIN-VUE-ADMIN]2021/05/24 - 19:29:59.843	[34minfo[0m	server run success on 	{"address": ":8888"}
[GIN-VUE-ADMIN]2021/05/24 - 19:30:40.468	[34minfo[0m	æ•°æ®åº“æ— éœ€åˆå§‹åŒ–
[GIN-VUE-ADMIN]2021/05/24 - 19:30:41.043	[34minfo[0m	æ•°æ®åº“æ— éœ€åˆå§‹åŒ–
[GIN-VUE-ADMIN]2021/05/24 - 19:35:25.583	[34minfo[0m	æ•°æ®åº“æ— éœ€åˆå§‹åŒ–
[GIN-VUE-ADMIN]2021/05/24 - 19:37:17.124	[34minfo[0m	æ•°æ®åº“æ— éœ€åˆå§‹åŒ–
[GIN-VUE-ADMIN]2021/05/24 - 19:53:33.938	[34minfo[0m	æ•°æ®åº“æ— éœ€åˆå§‹åŒ–
[GIN-VUE-ADMIN]2021/05/24 - 19:54:50.029	[34minfo[0m	æ•°æ®åº“æ— éœ€åˆå§‹åŒ–
[GIN-VUE-ADMIN]2021/05/24 - 20:16:14.264	[34minfo[0m	æ•°æ®åº“æ— éœ€åˆå§‹åŒ–
[GIN-VUE-ADMIN]2021/05/24 - 20:16:14.994	[34minfo[0m	æ•°æ®åº“æ— éœ€åˆå§‹åŒ–
[GIN-VUE-ADMIN]2021/05/24 - 20:29:00.638	[34minfo[0m	æ•°æ®åº“æ— éœ€åˆå§‹åŒ–
