[GIN-VUE-ADMIN]2021/05/31 - 11:30:02.435	[34minfo[0m	register table success
[GIN-VUE-ADMIN]2021/05/31 - 11:30:02.475	[34minfo[0m	use middleware logger
[GIN-VUE-ADMIN]2021/05/31 - 11:30:02.475	[34minfo[0m	use middleware cors
[GIN-VUE-ADMIN]2021/05/31 - 11:30:02.475	[34minfo[0m	register swagger handler
[GIN-VUE-ADMIN]2021/05/31 - 11:30:02.477	[34minfo[0m	router register success
[GIN-VUE-ADMIN]2021/05/31 - 11:30:02.478	[34minfo[0m	server run success on 	{"address": ":8888"}
[GIN-VUE-ADMIN]2021/05/31 - 13:48:44.613	[34minfo[0m	register table success
[GIN-VUE-ADMIN]2021/05/31 - 13:48:44.617	[34minfo[0m	use middleware logger
[GIN-VUE-ADMIN]2021/05/31 - 13:48:44.617	[34minfo[0m	use middleware cors
[GIN-VUE-ADMIN]2021/05/31 - 13:48:44.617	[34minfo[0m	register swagger handler
[GIN-VUE-ADMIN]2021/05/31 - 13:48:44.618	[34minfo[0m	router register success
[GIN-VUE-ADMIN]2021/05/31 - 13:48:44.620	[34minfo[0m	server run success on 	{"address": ":8888"}
[GIN-VUE-ADMIN]2021/05/31 - 13:49:55.510	[34minfo[0m	数据库无需初始化
[GIN-VUE-ADMIN]2021/05/31 - 13:49:56.475	[34minfo[0m	数据库无需初始化
[GIN-VUE-ADMIN]2021/05/31 - 13:51:11.710	[34minfo[0m	register table success
[GIN-VUE-ADMIN]2021/05/31 - 13:51:11.713	[34minfo[0m	use middleware logger
[GIN-VUE-ADMIN]2021/05/31 - 13:51:11.713	[34minfo[0m	use middleware cors
[GIN-VUE-ADMIN]2021/05/31 - 13:51:11.713	[34minfo[0m	register swagger handler
[GIN-VUE-ADMIN]2021/05/31 - 13:51:11.714	[34minfo[0m	router register success
[GIN-VUE-ADMIN]2021/05/31 - 13:51:11.714	[34minfo[0m	server run success on 	{"address": ":8888"}
[GIN-VUE-ADMIN]2021/05/31 - 14:03:38.228	[34minfo[0m	register table success
[GIN-VUE-ADMIN]2021/05/31 - 14:03:38.231	[34minfo[0m	use middleware logger
[GIN-VUE-ADMIN]2021/05/31 - 14:03:38.231	[34minfo[0m	use middleware cors
[GIN-VUE-ADMIN]2021/05/31 - 14:03:38.232	[34minfo[0m	register swagger handler
[GIN-VUE-ADMIN]2021/05/31 - 14:03:38.233	[34minfo[0m	router register success
[GIN-VUE-ADMIN]2021/05/31 - 14:03:38.238	[34minfo[0m	server run success on 	{"address": ":8888"}
[GIN-VUE-ADMIN]2021/05/31 - 14:06:16.851	[34minfo[0m	register table success
[GIN-VUE-ADMIN]2021/05/31 - 14:06:16.855	[34minfo[0m	use middleware logger
[GIN-VUE-ADMIN]2021/05/31 - 14:06:16.855	[34minfo[0m	use middleware cors
[GIN-VUE-ADMIN]2021/05/31 - 14:06:16.855	[34minfo[0m	register swagger handler
[GIN-VUE-ADMIN]2021/05/31 - 14:06:16.856	[34minfo[0m	router register success
[GIN-VUE-ADMIN]2021/05/31 - 14:06:16.856	[34minfo[0m	server run success on 	{"address": ":8888"}
[GIN-VUE-ADMIN]2021/05/31 - 14:13:42.083	[34minfo[0m	register table success
[GIN-VUE-ADMIN]2021/05/31 - 14:13:42.086	[34minfo[0m	use middleware logger
[GIN-VUE-ADMIN]2021/05/31 - 14:13:42.086	[34minfo[0m	use middleware cors
[GIN-VUE-ADMIN]2021/05/31 - 14:13:42.087	[34minfo[0m	register swagger handler
[GIN-VUE-ADMIN]2021/05/31 - 14:13:42.087	[34minfo[0m	router register success
[GIN-VUE-ADMIN]2021/05/31 - 14:13:42.094	[34minfo[0m	server run success on 	{"address": ":8888"}
[GIN-VUE-ADMIN]2021/05/31 - 14:15:29.267	[34minfo[0m	register table success
[GIN-VUE-ADMIN]2021/05/31 - 14:15:29.271	[34minfo[0m	use middleware logger
[GIN-VUE-ADMIN]2021/05/31 - 14:15:29.271	[34minfo[0m	use middleware cors
[GIN-VUE-ADMIN]2021/05/31 - 14:15:29.272	[34minfo[0m	register swagger handler
[GIN-VUE-ADMIN]2021/05/31 - 14:15:29.273	[34minfo[0m	router register success
[GIN-VUE-ADMIN]2021/05/31 - 14:15:29.282	[34minfo[0m	server run success on 	{"address": ":8888"}
[GIN-VUE-ADMIN]2021/05/31 - 14:26:26.809	[34minfo[0m	register table success
[GIN-VUE-ADMIN]2021/05/31 - 14:26:26.813	[34minfo[0m	use middleware logger
[GIN-VUE-ADMIN]2021/05/31 - 14:26:26.813	[34minfo[0m	use middleware cors
[GIN-VUE-ADMIN]2021/05/31 - 14:26:26.813	[34minfo[0m	register swagger handler
[GIN-VUE-ADMIN]2021/05/31 - 14:26:26.816	[34minfo[0m	router register success
[GIN-VUE-ADMIN]2021/05/31 - 14:26:26.828	[34minfo[0m	server run success on 	{"address": ":8888"}
[GIN-VUE-ADMIN]2021/05/31 - 14:27:07.713	[34minfo[0m	register table success
[GIN-VUE-ADMIN]2021/05/31 - 14:27:07.713	[34minfo[0m	use middleware logger
[GIN-VUE-ADMIN]2021/05/31 - 14:27:07.713	[34minfo[0m	use middleware cors
[GIN-VUE-ADMIN]2021/05/31 - 14:27:07.713	[34minfo[0m	register swagger handler
[GIN-VUE-ADMIN]2021/05/31 - 14:27:07.713	[34minfo[0m	router register success
[GIN-VUE-ADMIN]2021/05/31 - 14:27:07.719	[34minfo[0m	server run success on 	{"address": ":8888"}
[GIN-VUE-ADMIN]2021/05/31 - 14:27:23.574	[34minfo[0m	register table success
[GIN-VUE-ADMIN]2021/05/31 - 14:27:23.576	[34minfo[0m	use middleware logger
[GIN-VUE-ADMIN]2021/05/31 - 14:27:23.576	[34minfo[0m	use middleware cors
[GIN-VUE-ADMIN]2021/05/31 - 14:27:23.576	[34minfo[0m	register swagger handler
[GIN-VUE-ADMIN]2021/05/31 - 14:27:23.577	[34minfo[0m	router register success
[GIN-VUE-ADMIN]2021/05/31 - 14:27:23.586	[34minfo[0m	server run success on 	{"address": ":8888"}
[GIN-VUE-ADMIN]2021/05/31 - 14:27:23.588	[31merror[0m	listen tcp :8888: bind: Only one usage of each socket address (protocol/network address/port) is normally permitted.
[GIN-VUE-ADMIN]2021/05/31 - 14:36:00.425	[34minfo[0m	register table success
[GIN-VUE-ADMIN]2021/05/31 - 14:36:00.427	[34minfo[0m	use middleware logger
[GIN-VUE-ADMIN]2021/05/31 - 14:36:00.427	[34minfo[0m	use middleware cors
[GIN-VUE-ADMIN]2021/05/31 - 14:36:00.427	[34minfo[0m	register swagger handler
[GIN-VUE-ADMIN]2021/05/31 - 14:36:00.427	[34minfo[0m	router register success
[GIN-VUE-ADMIN]2021/05/31 - 14:36:00.428	[34minfo[0m	server run success on 	{"address": ":8888"}
[GIN-VUE-ADMIN]2021/05/31 - 14:36:05.397	[34minfo[0m	register table success
[GIN-VUE-ADMIN]2021/05/31 - 14:36:05.401	[34minfo[0m	use middleware logger
[GIN-VUE-ADMIN]2021/05/31 - 14:36:05.401	[34minfo[0m	use middleware cors
[GIN-VUE-ADMIN]2021/05/31 - 14:36:05.401	[34minfo[0m	register swagger handler
[GIN-VUE-ADMIN]2021/05/31 - 14:36:05.402	[34minfo[0m	router register success
[GIN-VUE-ADMIN]2021/05/31 - 14:36:05.408	[34minfo[0m	server run success on 	{"address": ":8888"}
[GIN-VUE-ADMIN]2021/05/31 - 14:36:05.410	[31merror[0m	listen tcp :8888: bind: Only one usage of each socket address (protocol/network address/port) is normally permitted.
[GIN-VUE-ADMIN]2021/05/31 - 14:37:37.257	[34minfo[0m	register table success
[GIN-VUE-ADMIN]2021/05/31 - 14:37:37.259	[34minfo[0m	use middleware logger
[GIN-VUE-ADMIN]2021/05/31 - 14:37:37.259	[34minfo[0m	use middleware cors
[GIN-VUE-ADMIN]2021/05/31 - 14:37:37.259	[34minfo[0m	register swagger handler
[GIN-VUE-ADMIN]2021/05/31 - 14:37:37.260	[34minfo[0m	router register success
[GIN-VUE-ADMIN]2021/05/31 - 14:37:37.273	[34minfo[0m	server run success on 	{"address": ":8888"}
[GIN-VUE-ADMIN]2021/05/31 - 14:38:48.705	[34minfo[0m	register table success
[GIN-VUE-ADMIN]2021/05/31 - 14:38:48.707	[34minfo[0m	use middleware logger
[GIN-VUE-ADMIN]2021/05/31 - 14:38:48.707	[34minfo[0m	use middleware cors
[GIN-VUE-ADMIN]2021/05/31 - 14:38:48.707	[34minfo[0m	register swagger handler
[GIN-VUE-ADMIN]2021/05/31 - 14:38:48.709	[34minfo[0m	router register success
[GIN-VUE-ADMIN]2021/05/31 - 14:38:48.723	[34minfo[0m	server run success on 	{"address": ":8888"}
[GIN-VUE-ADMIN]2021/05/31 - 14:40:21.601	[34minfo[0m	register table success
[GIN-VUE-ADMIN]2021/05/31 - 14:40:21.603	[34minfo[0m	use middleware logger
[GIN-VUE-ADMIN]2021/05/31 - 14:40:21.603	[34minfo[0m	use middleware cors
[GIN-VUE-ADMIN]2021/05/31 - 14:40:21.603	[34minfo[0m	register swagger handler
[GIN-VUE-ADMIN]2021/05/31 - 14:40:21.604	[34minfo[0m	router register success
[GIN-VUE-ADMIN]2021/05/31 - 14:40:21.610	[34minfo[0m	server run success on 	{"address": ":8888"}
[GIN-VUE-ADMIN]2021/05/31 - 14:40:33.218	[34minfo[0m	register table success
[GIN-VUE-ADMIN]2021/05/31 - 14:40:33.221	[34minfo[0m	use middleware logger
[GIN-VUE-ADMIN]2021/05/31 - 14:40:33.221	[34minfo[0m	use middleware cors
[GIN-VUE-ADMIN]2021/05/31 - 14:40:33.221	[34minfo[0m	register swagger handler
[GIN-VUE-ADMIN]2021/05/31 - 14:40:33.221	[34minfo[0m	router register success
[GIN-VUE-ADMIN]2021/05/31 - 14:40:33.222	[34minfo[0m	server run success on 	{"address": ":8888"}
[GIN-VUE-ADMIN]2021/05/31 - 14:40:58.047	[34minfo[0m	register table success
[GIN-VUE-ADMIN]2021/05/31 - 14:40:58.050	[34minfo[0m	use middleware logger
[GIN-VUE-ADMIN]2021/05/31 - 14:40:58.050	[34minfo[0m	use middleware cors
[GIN-VUE-ADMIN]2021/05/31 - 14:40:58.050	[34minfo[0m	register swagger handler
[GIN-VUE-ADMIN]2021/05/31 - 14:40:58.051	[34minfo[0m	router register success
[GIN-VUE-ADMIN]2021/05/31 - 14:40:58.055	[34minfo[0m	server run success on 	{"address": ":8888"}
[GIN-VUE-ADMIN]2021/05/31 - 15:31:17.743	[34minfo[0m	register table success
[GIN-VUE-ADMIN]2021/05/31 - 15:31:17.748	[34minfo[0m	use middleware logger
[GIN-VUE-ADMIN]2021/05/31 - 15:31:17.749	[34minfo[0m	use middleware cors
[GIN-VUE-ADMIN]2021/05/31 - 15:31:17.750	[34minfo[0m	register swagger handler
[GIN-VUE-ADMIN]2021/05/31 - 15:31:17.812	[34minfo[0m	router register success
[GIN-VUE-ADMIN]2021/05/31 - 15:31:17.815	[34minfo[0m	server run success on 	{"address": ":8888"}
[GIN-VUE-ADMIN]2021/05/31 - 15:58:09.825	[34minfo[0m	register table success
[GIN-VUE-ADMIN]2021/05/31 - 15:58:09.829	[34minfo[0m	use middleware logger
[GIN-VUE-ADMIN]2021/05/31 - 15:58:09.829	[34minfo[0m	use middleware cors
[GIN-VUE-ADMIN]2021/05/31 - 15:58:09.830	[34minfo[0m	register swagger handler
[GIN-VUE-ADMIN]2021/05/31 - 15:58:09.831	[34minfo[0m	router register success
[GIN-VUE-ADMIN]2021/05/31 - 15:58:09.845	[34minfo[0m	server run success on 	{"address": ":8888"}
[GIN-VUE-ADMIN]2021/05/31 - 15:58:14.699	[31merror[0m	创建失败	{"err": "Error 1146: Table 'gva.messages' doesn't exist"}
[GIN-VUE-ADMIN]2021/05/31 - 16:04:38.362	[34minfo[0m	register table success
[GIN-VUE-ADMIN]2021/05/31 - 16:04:38.364	[34minfo[0m	use middleware logger
[GIN-VUE-ADMIN]2021/05/31 - 16:04:38.364	[34minfo[0m	use middleware cors
[GIN-VUE-ADMIN]2021/05/31 - 16:04:38.365	[34minfo[0m	register swagger handler
[GIN-VUE-ADMIN]2021/05/31 - 16:04:38.365	[34minfo[0m	router register success
[GIN-VUE-ADMIN]2021/05/31 - 16:04:38.380	[34minfo[0m	server run success on 	{"address": ":8888"}
[GIN-VUE-ADMIN]2021/05/31 - 16:04:51.785	[31merror[0m	创建失败	{"err": "Error 1146: Table 'gva.message' doesn't exist"}
[GIN-VUE-ADMIN]2021/05/31 - 16:04:52.761	[31merror[0m	创建失败	{"err": "Error 1146: Table 'gva.message' doesn't exist"}
[GIN-VUE-ADMIN]2021/05/31 - 16:06:17.770	[31merror[0m	创建失败	{"err": "Error 1146: Table 'gva.message' doesn't exist"}
[GIN-VUE-ADMIN]2021/05/31 - 16:17:05.889	[34minfo[0m	register table success
[GIN-VUE-ADMIN]2021/05/31 - 16:17:05.892	[34minfo[0m	use middleware logger
[GIN-VUE-ADMIN]2021/05/31 - 16:17:05.892	[34minfo[0m	use middleware cors
[GIN-VUE-ADMIN]2021/05/31 - 16:17:05.892	[34minfo[0m	register swagger handler
[GIN-VUE-ADMIN]2021/05/31 - 16:17:05.893	[34minfo[0m	router register success
[GIN-VUE-ADMIN]2021/05/31 - 16:17:05.902	[34minfo[0m	server run success on 	{"address": ":8888"}
[GIN-VUE-ADMIN]2021/05/31 - 16:21:33.941	[34minfo[0m	register table success
[GIN-VUE-ADMIN]2021/05/31 - 16:21:33.944	[34minfo[0m	use middleware logger
[GIN-VUE-ADMIN]2021/05/31 - 16:21:33.944	[34minfo[0m	use middleware cors
[GIN-VUE-ADMIN]2021/05/31 - 16:21:33.944	[34minfo[0m	register swagger handler
[GIN-VUE-ADMIN]2021/05/31 - 16:21:33.945	[34minfo[0m	router register success
[GIN-VUE-ADMIN]2021/05/31 - 16:21:33.960	[34minfo[0m	server run success on 	{"address": ":8888"}
[GIN-VUE-ADMIN]2021/05/31 - 16:21:52.689	[34minfo[0m	register table success
[GIN-VUE-ADMIN]2021/05/31 - 16:21:52.692	[34minfo[0m	use middleware logger
[GIN-VUE-ADMIN]2021/05/31 - 16:21:52.692	[34minfo[0m	use middleware cors
[GIN-VUE-ADMIN]2021/05/31 - 16:21:52.692	[34minfo[0m	register swagger handler
[GIN-VUE-ADMIN]2021/05/31 - 16:21:52.693	[34minfo[0m	router register success
[GIN-VUE-ADMIN]2021/05/31 - 16:21:52.705	[34minfo[0m	server run success on 	{"address": ":8888"}
[GIN-VUE-ADMIN]2021/05/31 - 16:25:37.032	[34minfo[0m	register table success
[GIN-VUE-ADMIN]2021/05/31 - 16:25:37.035	[34minfo[0m	use middleware logger
[GIN-VUE-ADMIN]2021/05/31 - 16:25:37.035	[34minfo[0m	use middleware cors
[GIN-VUE-ADMIN]2021/05/31 - 16:25:37.036	[34minfo[0m	register swagger handler
[GIN-VUE-ADMIN]2021/05/31 - 16:25:37.036	[34minfo[0m	router register success
[GIN-VUE-ADMIN]2021/05/31 - 16:25:37.039	[34minfo[0m	server run success on 	{"address": ":8888"}
[GIN-VUE-ADMIN]2021/05/31 - 16:47:00.643	[34minfo[0m	register table success
[GIN-VUE-ADMIN]2021/05/31 - 16:47:00.645	[34minfo[0m	use middleware logger
[GIN-VUE-ADMIN]2021/05/31 - 16:47:00.645	[34minfo[0m	use middleware cors
[GIN-VUE-ADMIN]2021/05/31 - 16:47:00.645	[34minfo[0m	register swagger handler
[GIN-VUE-ADMIN]2021/05/31 - 16:47:00.647	[34minfo[0m	router register success
[GIN-VUE-ADMIN]2021/05/31 - 16:47:00.649	[34minfo[0m	server run success on 	{"address": ":8888"}
[GIN-VUE-ADMIN]2021/05/31 - 16:54:50.643	[34minfo[0m	register table success
[GIN-VUE-ADMIN]2021/05/31 - 16:54:50.645	[34minfo[0m	use middleware logger
[GIN-VUE-ADMIN]2021/05/31 - 16:54:50.645	[34minfo[0m	use middleware cors
[GIN-VUE-ADMIN]2021/05/31 - 16:54:50.645	[34minfo[0m	register swagger handler
[GIN-VUE-ADMIN]2021/05/31 - 16:54:50.645	[34minfo[0m	router register success
[GIN-VUE-ADMIN]2021/05/31 - 16:54:50.647	[34minfo[0m	server run success on 	{"address": ":8888"}
[GIN-VUE-ADMIN]2021/05/31 - 17:02:43.069	[34minfo[0m	register table success
[GIN-VUE-ADMIN]2021/05/31 - 17:02:43.072	[34minfo[0m	use middleware logger
[GIN-VUE-ADMIN]2021/05/31 - 17:02:43.072	[34minfo[0m	use middleware cors
[GIN-VUE-ADMIN]2021/05/31 - 17:02:43.073	[34minfo[0m	register swagger handler
[GIN-VUE-ADMIN]2021/05/31 - 17:02:43.073	[34minfo[0m	router register success
[GIN-VUE-ADMIN]2021/05/31 - 17:02:43.076	[34minfo[0m	server run success on 	{"address": ":8888"}
[GIN-VUE-ADMIN]2021/05/31 - 17:03:13.574	[34minfo[0m	register table success
[GIN-VUE-ADMIN]2021/05/31 - 17:03:13.577	[34minfo[0m	use middleware logger
[GIN-VUE-ADMIN]2021/05/31 - 17:03:13.577	[34minfo[0m	use middleware cors
[GIN-VUE-ADMIN]2021/05/31 - 17:03:13.577	[34minfo[0m	register swagger handler
[GIN-VUE-ADMIN]2021/05/31 - 17:03:13.577	[34minfo[0m	router register success
[GIN-VUE-ADMIN]2021/05/31 - 17:03:13.581	[34minfo[0m	server run success on 	{"address": ":8888"}
[GIN-VUE-ADMIN]2021/05/31 - 17:18:33.914	[34minfo[0m	register table success
[GIN-VUE-ADMIN]2021/05/31 - 17:18:33.917	[34minfo[0m	use middleware logger
[GIN-VUE-ADMIN]2021/05/31 - 17:18:33.918	[34minfo[0m	use middleware cors
[GIN-VUE-ADMIN]2021/05/31 - 17:18:33.918	[34minfo[0m	register swagger handler
[GIN-VUE-ADMIN]2021/05/31 - 17:18:33.919	[34minfo[0m	router register success
[GIN-VUE-ADMIN]2021/05/31 - 17:18:33.920	[34minfo[0m	server run success on 	{"address": ":8888"}
[GIN-VUE-ADMIN]2021/05/31 - 17:25:47.564	[34minfo[0m	register table success
[GIN-VUE-ADMIN]2021/05/31 - 17:25:47.566	[34minfo[0m	use middleware logger
[GIN-VUE-ADMIN]2021/05/31 - 17:25:47.566	[34minfo[0m	use middleware cors
[GIN-VUE-ADMIN]2021/05/31 - 17:25:47.567	[34minfo[0m	register swagger handler
[GIN-VUE-ADMIN]2021/05/31 - 17:25:47.567	[34minfo[0m	router register success
[GIN-VUE-ADMIN]2021/05/31 - 17:25:47.574	[34minfo[0m	server run success on 	{"address": ":8888"}
[GIN-VUE-ADMIN]2021/05/31 - 17:31:19.320	[34minfo[0m	register table success
[GIN-VUE-ADMIN]2021/05/31 - 17:31:19.323	[34minfo[0m	use middleware logger
[GIN-VUE-ADMIN]2021/05/31 - 17:31:19.323	[34minfo[0m	use middleware cors
[GIN-VUE-ADMIN]2021/05/31 - 17:31:19.323	[34minfo[0m	register swagger handler
[GIN-VUE-ADMIN]2021/05/31 - 17:31:19.323	[34minfo[0m	router register success
[GIN-VUE-ADMIN]2021/05/31 - 17:31:19.325	[34minfo[0m	server run success on 	{"address": ":8888"}
[GIN-VUE-ADMIN]2021/05/31 - 17:32:16.108	[34minfo[0m	register table success
[GIN-VUE-ADMIN]2021/05/31 - 17:32:16.110	[34minfo[0m	use middleware logger
[GIN-VUE-ADMIN]2021/05/31 - 17:32:16.110	[34minfo[0m	use middleware cors
[GIN-VUE-ADMIN]2021/05/31 - 17:32:16.110	[34minfo[0m	register swagger handler
[GIN-VUE-ADMIN]2021/05/31 - 17:32:16.111	[34minfo[0m	router register success
[GIN-VUE-ADMIN]2021/05/31 - 17:32:16.123	[34minfo[0m	server run success on 	{"address": ":8888"}
[GIN-VUE-ADMIN]2021/05/31 - 17:33:17.268	[34minfo[0m	register table success
[GIN-VUE-ADMIN]2021/05/31 - 17:33:17.270	[34minfo[0m	use middleware logger
[GIN-VUE-ADMIN]2021/05/31 - 17:33:17.270	[34minfo[0m	use middleware cors
[GIN-VUE-ADMIN]2021/05/31 - 17:33:17.270	[34minfo[0m	register swagger handler
[GIN-VUE-ADMIN]2021/05/31 - 17:33:17.270	[34minfo[0m	router register success
[GIN-VUE-ADMIN]2021/05/31 - 17:33:17.286	[34minfo[0m	server run success on 	{"address": ":8888"}
[GIN-VUE-ADMIN]2021/05/31 - 17:38:58.485	[34minfo[0m	register table success
[GIN-VUE-ADMIN]2021/05/31 - 17:38:58.487	[34minfo[0m	use middleware logger
[GIN-VUE-ADMIN]2021/05/31 - 17:38:58.487	[34minfo[0m	use middleware cors
[GIN-VUE-ADMIN]2021/05/31 - 17:38:58.487	[34minfo[0m	register swagger handler
[GIN-VUE-ADMIN]2021/05/31 - 17:38:58.488	[34minfo[0m	router register success
[GIN-VUE-ADMIN]2021/05/31 - 17:38:58.498	[34minfo[0m	server run success on 	{"address": ":8888"}
[GIN-VUE-ADMIN]2021/05/31 - 17:39:02.886	[34minfo[0m	数据库无需初始化
[GIN-VUE-ADMIN]2021/05/31 - 17:39:49.848	[34minfo[0m	register table success
[GIN-VUE-ADMIN]2021/05/31 - 17:39:49.850	[34minfo[0m	use middleware logger
[GIN-VUE-ADMIN]2021/05/31 - 17:39:49.850	[34minfo[0m	use middleware cors
[GIN-VUE-ADMIN]2021/05/31 - 17:39:49.850	[34minfo[0m	register swagger handler
[GIN-VUE-ADMIN]2021/05/31 - 17:39:49.851	[34minfo[0m	router register success
[GIN-VUE-ADMIN]2021/05/31 - 17:39:49.860	[34minfo[0m	server run success on 	{"address": ":8888"}
[GIN-VUE-ADMIN]2021/05/31 - 17:41:08.381	[34minfo[0m	register table success
[GIN-VUE-ADMIN]2021/05/31 - 17:41:08.384	[34minfo[0m	use middleware logger
[GIN-VUE-ADMIN]2021/05/31 - 17:41:08.384	[34minfo[0m	use middleware cors
[GIN-VUE-ADMIN]2021/05/31 - 17:41:08.384	[34minfo[0m	register swagger handler
[GIN-VUE-ADMIN]2021/05/31 - 17:41:08.385	[34minfo[0m	router register success
[GIN-VUE-ADMIN]2021/05/31 - 17:41:08.389	[34minfo[0m	server run success on 	{"address": ":8888"}
[GIN-VUE-ADMIN]2021/05/31 - 17:41:23.495	[34minfo[0m	数据库无需初始化
[GIN-VUE-ADMIN]2021/05/31 - 17:43:13.855	[34minfo[0m	register table success
[GIN-VUE-ADMIN]2021/05/31 - 17:43:13.857	[34minfo[0m	use middleware logger
[GIN-VUE-ADMIN]2021/05/31 - 17:43:13.857	[34minfo[0m	use middleware cors
[GIN-VUE-ADMIN]2021/05/31 - 17:43:13.858	[34minfo[0m	register swagger handler
[GIN-VUE-ADMIN]2021/05/31 - 17:43:13.858	[34minfo[0m	router register success
[GIN-VUE-ADMIN]2021/05/31 - 17:43:13.858	[34minfo[0m	server run success on 	{"address": ":8888"}
[GIN-VUE-ADMIN]2021/05/31 - 17:43:18.962	[34minfo[0m	register table success
[GIN-VUE-ADMIN]2021/05/31 - 17:43:18.965	[34minfo[0m	use middleware logger
[GIN-VUE-ADMIN]2021/05/31 - 17:43:18.965	[34minfo[0m	use middleware cors
[GIN-VUE-ADMIN]2021/05/31 - 17:43:18.965	[34minfo[0m	register swagger handler
[GIN-VUE-ADMIN]2021/05/31 - 17:43:18.965	[34minfo[0m	router register success
[GIN-VUE-ADMIN]2021/05/31 - 17:43:18.974	[34minfo[0m	server run success on 	{"address": ":8888"}
[GIN-VUE-ADMIN]2021/05/31 - 17:45:11.915	[34minfo[0m	register table success
[GIN-VUE-ADMIN]2021/05/31 - 17:45:11.918	[34minfo[0m	use middleware logger
[GIN-VUE-ADMIN]2021/05/31 - 17:45:11.918	[34minfo[0m	use middleware cors
[GIN-VUE-ADMIN]2021/05/31 - 17:45:11.918	[34minfo[0m	register swagger handler
[GIN-VUE-ADMIN]2021/05/31 - 17:45:11.919	[34minfo[0m	router register success
[GIN-VUE-ADMIN]2021/05/31 - 17:45:11.925	[34minfo[0m	server run success on 	{"address": ":8888"}
[GIN-VUE-ADMIN]2021/05/31 - 17:50:02.993	[34minfo[0m	register table success
[GIN-VUE-ADMIN]2021/05/31 - 17:50:02.995	[34minfo[0m	use middleware logger
[GIN-VUE-ADMIN]2021/05/31 - 17:50:02.995	[34minfo[0m	use middleware cors
[GIN-VUE-ADMIN]2021/05/31 - 17:50:02.995	[34minfo[0m	register swagger handler
[GIN-VUE-ADMIN]2021/05/31 - 17:50:02.996	[34minfo[0m	router register success
[GIN-VUE-ADMIN]2021/05/31 - 17:50:03.000	[34minfo[0m	server run success on 	{"address": ":8888"}
[GIN-VUE-ADMIN]2021/05/31 - 17:51:57.041	[34minfo[0m	register table success
[GIN-VUE-ADMIN]2021/05/31 - 17:51:57.044	[34minfo[0m	use middleware logger
[GIN-VUE-ADMIN]2021/05/31 - 17:51:57.044	[34minfo[0m	use middleware cors
[GIN-VUE-ADMIN]2021/05/31 - 17:51:57.044	[34minfo[0m	register swagger handler
[GIN-VUE-ADMIN]2021/05/31 - 17:51:57.044	[34minfo[0m	router register success
[GIN-VUE-ADMIN]2021/05/31 - 17:51:57.045	[34minfo[0m	server run success on 	{"address": ":8888"}
[GIN-VUE-ADMIN]2021/05/31 - 17:53:14.473	[34minfo[0m	register table success
[GIN-VUE-ADMIN]2021/05/31 - 17:53:14.475	[34minfo[0m	use middleware logger
[GIN-VUE-ADMIN]2021/05/31 - 17:53:14.476	[34minfo[0m	use middleware cors
[GIN-VUE-ADMIN]2021/05/31 - 17:53:14.476	[34minfo[0m	register swagger handler
[GIN-VUE-ADMIN]2021/05/31 - 17:53:14.476	[34minfo[0m	router register success
[GIN-VUE-ADMIN]2021/05/31 - 17:53:14.478	[34minfo[0m	server run success on 	{"address": ":8888"}
[GIN-VUE-ADMIN]2021/05/31 - 17:54:56.001	[34minfo[0m	register table success
[GIN-VUE-ADMIN]2021/05/31 - 17:54:56.002	[34minfo[0m	use middleware logger
[GIN-VUE-ADMIN]2021/05/31 - 17:54:56.002	[34minfo[0m	use middleware cors
[GIN-VUE-ADMIN]2021/05/31 - 17:54:56.003	[34minfo[0m	register swagger handler
[GIN-VUE-ADMIN]2021/05/31 - 17:54:56.004	[34minfo[0m	router register success
[GIN-VUE-ADMIN]2021/05/31 - 17:54:56.004	[34minfo[0m	server run success on 	{"address": ":8888"}
[GIN-VUE-ADMIN]2021/05/31 - 17:55:09.794	[34minfo[0m	register table success
[GIN-VUE-ADMIN]2021/05/31 - 17:55:09.796	[34minfo[0m	use middleware logger
[GIN-VUE-ADMIN]2021/05/31 - 17:55:09.796	[34minfo[0m	use middleware cors
[GIN-VUE-ADMIN]2021/05/31 - 17:55:09.796	[34minfo[0m	register swagger handler
[GIN-VUE-ADMIN]2021/05/31 - 17:55:09.796	[34minfo[0m	router register success
[GIN-VUE-ADMIN]2021/05/31 - 17:55:09.805	[34minfo[0m	server run success on 	{"address": ":8888"}
[GIN-VUE-ADMIN]2021/05/31 - 17:56:43.078	[34minfo[0m	register table success
[GIN-VUE-ADMIN]2021/05/31 - 17:56:43.081	[34minfo[0m	use middleware logger
[GIN-VUE-ADMIN]2021/05/31 - 17:56:43.081	[34minfo[0m	use middleware cors
[GIN-VUE-ADMIN]2021/05/31 - 17:56:43.081	[34minfo[0m	register swagger handler
[GIN-VUE-ADMIN]2021/05/31 - 17:56:43.081	[34minfo[0m	router register success
[GIN-VUE-ADMIN]2021/05/31 - 17:56:43.094	[34minfo[0m	server run success on 	{"address": ":8888"}
[GIN-VUE-ADMIN]2021/05/31 - 17:57:39.077	[34minfo[0m	register table success
[GIN-VUE-ADMIN]2021/05/31 - 17:57:39.080	[34minfo[0m	use middleware logger
[GIN-VUE-ADMIN]2021/05/31 - 17:57:39.080	[34minfo[0m	use middleware cors
[GIN-VUE-ADMIN]2021/05/31 - 17:57:39.080	[34minfo[0m	register swagger handler
[GIN-VUE-ADMIN]2021/05/31 - 17:57:39.080	[34minfo[0m	router register success
[GIN-VUE-ADMIN]2021/05/31 - 17:57:39.083	[34minfo[0m	server run success on 	{"address": ":8888"}
[GIN-VUE-ADMIN]2021/05/31 - 17:59:45.790	[34minfo[0m	数据库无需初始化
[GIN-VUE-ADMIN]2021/05/31 - 18:03:32.293	[34minfo[0m	register table success
[GIN-VUE-ADMIN]2021/05/31 - 18:03:32.295	[34minfo[0m	use middleware logger
[GIN-VUE-ADMIN]2021/05/31 - 18:03:32.295	[34minfo[0m	use middleware cors
[GIN-VUE-ADMIN]2021/05/31 - 18:03:32.295	[34minfo[0m	register swagger handler
[GIN-VUE-ADMIN]2021/05/31 - 18:03:32.296	[34minfo[0m	router register success
[GIN-VUE-ADMIN]2021/05/31 - 18:03:32.305	[34minfo[0m	server run success on 	{"address": ":8888"}
[GIN-VUE-ADMIN]2021/05/31 - 18:04:02.249	[34minfo[0m	register table success
[GIN-VUE-ADMIN]2021/05/31 - 18:04:02.251	[34minfo[0m	use middleware logger
[GIN-VUE-ADMIN]2021/05/31 - 18:04:02.252	[34minfo[0m	use middleware cors
[GIN-VUE-ADMIN]2021/05/31 - 18:04:02.252	[34minfo[0m	register swagger handler
[GIN-VUE-ADMIN]2021/05/31 - 18:04:02.252	[34minfo[0m	router register success
[GIN-VUE-ADMIN]2021/05/31 - 18:04:02.259	[34minfo[0m	server run success on 	{"address": ":8888"}
[GIN-VUE-ADMIN]2021/05/31 - 18:09:05.258	[34minfo[0m	register table success
[GIN-VUE-ADMIN]2021/05/31 - 18:09:05.260	[34minfo[0m	use middleware logger
[GIN-VUE-ADMIN]2021/05/31 - 18:09:05.260	[34minfo[0m	use middleware cors
[GIN-VUE-ADMIN]2021/05/31 - 18:09:05.260	[34minfo[0m	register swagger handler
[GIN-VUE-ADMIN]2021/05/31 - 18:09:05.261	[34minfo[0m	router register success
[GIN-VUE-ADMIN]2021/05/31 - 18:09:05.261	[34minfo[0m	server run success on 	{"address": ":8888"}
[GIN-VUE-ADMIN]2021/05/31 - 18:09:46.920	[34minfo[0m	register table success
[GIN-VUE-ADMIN]2021/05/31 - 18:09:46.923	[34minfo[0m	use middleware logger
[GIN-VUE-ADMIN]2021/05/31 - 18:09:46.923	[34minfo[0m	use middleware cors
[GIN-VUE-ADMIN]2021/05/31 - 18:09:46.923	[34minfo[0m	register swagger handler
[GIN-VUE-ADMIN]2021/05/31 - 18:09:46.923	[34minfo[0m	router register success
[GIN-VUE-ADMIN]2021/05/31 - 18:09:46.937	[34minfo[0m	server run success on 	{"address": ":8888"}
[GIN-VUE-ADMIN]2021/05/31 - 18:45:42.036	[34minfo[0m	数据库无需初始化
[GIN-VUE-ADMIN]2021/05/31 - 19:54:01.451	[34minfo[0m	数据库无需初始化
[GIN-VUE-ADMIN]2021/05/31 - 19:57:01.971	[34minfo[0m	数据库无需初始化
[GIN-VUE-ADMIN]2021/05/31 - 19:57:38.963	[34minfo[0m	数据库无需初始化
[GIN-VUE-ADMIN]2021/05/31 - 20:06:17.670	[34minfo[0m	数据库无需初始化
